#
# A fatal error has been detected by the Java Runtime Environment:
#
#  EXCEPTION_ACCESS_VIOLATION (0xc0000005) at pc=0x00007fff1532b230, pid=6740, tid=13912
#
# JRE version: OpenJDK Runtime Environment (21.0.6) (build 21.0.6+-13391695-b895.109)
# Java VM: OpenJDK 64-Bit Server VM (21.0.6+-13391695-b895.109, mixed mode, tiered, compressed oops, compressed class ptrs, g1 gc, windows-amd64)
# Problematic frame:
# V  [jvm.dll+0x3bb230]
#
# No core dump will be written. Minidumps are not enabled by default on client versions of Windows
#
# If you would like to submit a bug report, please visit:
#   https://youtrack.jetbrains.com/issues/JBR
#

---------------  S U M M A R Y ------------

Command Line: --add-opens=java.base/java.lang=ALL-UNNAMED --add-opens=java.base/java.lang.invoke=ALL-UNNAMED --add-opens=java.base/java.util=ALL-UNNAMED --add-opens=java.prefs/java.util.prefs=ALL-UNNAMED --add-exports=jdk.compiler/com.sun.tools.javac.api=ALL-UNNAMED --add-exports=jdk.compiler/com.sun.tools.javac.util=ALL-UNNAMED --add-opens=java.base/java.util=ALL-UNNAMED --add-opens=java.prefs/java.util.prefs=ALL-UNNAMED --add-opens=java.base/java.nio.charset=ALL-UNNAMED --add-opens=java.base/java.net=ALL-UNNAMED --add-opens=java.base/java.util.concurrent.atomic=ALL-UNNAMED --add-opens=java.xml/javax.xml.namespace=ALL-UNNAMED -Xmx2048m -Dfile.encoding=UTF-8 -Duser.country=BO -Duser.language=es -Duser.variant -javaagent:C:\Users\usuario\.gradle\wrapper\dists\gradle-8.13-bin\5xuhj0ry160q40clulazy9h7d\gradle-8.13\lib\agents\gradle-instrumentation-agent-8.13.jar org.gradle.launcher.daemon.bootstrap.GradleDaemon 8.13

Host: Intel(R) Core(TM) i5-8250U CPU @ 1.60GHz, 8 cores, 15G,  Windows 11 , 64 bit Build 22621 (10.0.22621.457)
Time: Sun Aug 31 19:21:29 2025 Hora estándar oeste, Sudamérica elapsed time: 21.183946 seconds (0d 0h 0m 21s)

---------------  T H R E A D  ---------------

Current thread (0x000001e1007420f0):  JavaThread "C2 CompilerThread0" daemon [_thread_in_native, id=13912, stack(0x00000084cc500000,0x00000084cc600000) (1024K)]


Current CompileTask:
C2:21184 6130   !   4       java.net.URLClassLoader::findClass (47 bytes)

Stack: [0x00000084cc500000,0x00000084cc600000],  sp=0x00000084cc5fcce0,  free space=1011k
Native frames: (J=compiled Java code, j=interpreted, Vv=VM code, C=native code)
V  [jvm.dll+0x3bb230]
V  [jvm.dll+0x3b45e1]
V  [jvm.dll+0x1de6c1]
V  [jvm.dll+0x247dd4]
V  [jvm.dll+0x247251]
V  [jvm.dll+0x1c5f04]
V  [jvm.dll+0x2569ac]
V  [jvm.dll+0x254ef6]
V  [jvm.dll+0x3f0e96]
V  [jvm.dll+0x806ed8]
V  [jvm.dll+0x6cef0d]
C  [ucrtbase.dll+0x29363]
C  [KERNEL32.DLL+0x1244d]
C  [ntdll.dll+0x5df78]


siginfo: EXCEPTION_ACCESS_VIOLATION (0xc0000005), reading address 0x00007fff95b060e0


Registers:
RAX=0x0000000000000000, RBX=0x00000084cc5fcd30, RCX=0x0000000000000000, RDX=0x00007fff95b060e0
RSP=0x00000084cc5fcce0, RBP=0x00000084cc5fce40, RSI=0x00007fff15b060e0, RDI=0x0000000000000006
R8 =0x000001e10bc94290, R9 =0x000001e109a58a60, R10=0x0000000000000003, R11=0x000001e10ad80fa0
R12=0x0000000000000000, R13=0x000001e10730a7f8, R14=0x000000000000002a, R15=0x00007fff15b060e0
RIP=0x00007fff1532b230, EFLAGS=0x0000000000010246

XMM[0]=0x0000000000000000 0x0000000000000000
XMM[1]=0x0000000000000000 0x40b3402d2674f120
XMM[2]=0x056fffffffffffff 0xffffffffffffffff
XMM[3]=0x0000000000000000 0x0000000000000000
XMM[4]=0x0000000000000000 0x0000000000000000
XMM[5]=0xffffffffffffffff 0xffffffffffffffff
XMM[6]=0x0000000000000000 0x0000000000000000
XMM[7]=0x0000000000000000 0x0000000000000000
XMM[8]=0x0000000000000000 0x0000000000000000
XMM[9]=0x0000000000000000 0x0000000000000000
XMM[10]=0x0000000000000000 0x0000000000000000
XMM[11]=0x0000000000000000 0x0000000000000000
XMM[12]=0x0000000000000000 0x0000000000000000
XMM[13]=0x0000000000000000 0x0000000000000000
XMM[14]=0x0000000000000000 0x0000000000000000
XMM[15]=0x0000000000000000 0x0000000000000000
  MXCSR=0x00001fa0


Register to memory mapping:

RAX=0x0 is null
RBX=0x00000084cc5fcd30 is pointing into the stack for thread: 0x000001e1007420f0
RCX=0x0 is null
RDX=0x00007fff95b060e0 is an unknown value
RSP=0x00000084cc5fcce0 is pointing into the stack for thread: 0x000001e1007420f0
RBP=0x00000084cc5fce40 is pointing into the stack for thread: 0x000001e1007420f0
RSI=0x00007fff15b060e0 jvm.dll
RDI=0x0000000000000006 is an unknown value
R8 =0x000001e10bc94290 points into unknown readable memory: 0x0000000e00000002 | 02 00 00 00 0e 00 00 00
R9 =0x000001e109a58a60 points into unknown readable memory: 0x0000000000000000 | 00 00 00 00 00 00 00 00
R10=0x0000000000000003 is an unknown value
R11=0x000001e10ad80fa0 points into unknown readable memory: 0x0000000000000000 | 00 00 00 00 00 00 00 00
R12=0x0 is null
R13=0x000001e10730a7f8 points into unknown readable memory: 0x8800010048f33aba | ba 3a f3 48 00 01 00 88
R14=0x000000000000002a is an unknown value
R15=0x00007fff15b060e0 jvm.dll

Top of Stack: (sp=0x00000084cc5fcce0)
0x00000084cc5fcce0:   000001e100700710 000001e106dd8800
0x00000084cc5fccf0:   0000000000221d38 00007fff158e9a38
0x00000084cc5fcd00:   000001e10bc94150 00007fff153245e1
0x00000084cc5fcd10:   0000000000000dea 0000000000000dea
0x00000084cc5fcd20:   000001e100700700 0000000000000000
0x00000084cc5fcd30:   0000000000000000 0000000400000000
0x00000084cc5fcd40:   0000000e00000000 00007fff95b060e0
0x00000084cc5fcd50:   000001e10a975df0 000001e10bc94290
0x00000084cc5fcd60:   000001e10730a420 0000000000000000
0x00000084cc5fcd70:   00000084cc5fce80 00007fff1514e6c1
0x00000084cc5fcd80:   00000084cc5fd1c0 00000084cc5fd2a0
0x00000084cc5fcd90:   00000000000003d8 000001e10730a410
0x00000084cc5fcda0:   0000000000009f00 000000000000000e
0x00000084cc5fcdb0:   00000084cc5fce07 000001e10730a410
0x00000084cc5fcdc0:   000001e109a57d20 000001e109a59050
0x00000084cc5fcdd0:   000001e109a5fd08 00000000007db4c8
0x00000084cc5fcde0:   0000000000000000 0000000000000000
0x00000084cc5fcdf0:   0000000000009f10 000000000000ba00
0x00000084cc5fce00:   0000000000000000 00007fff158b4cc8
0x00000084cc5fce10:   0000000000000000 00000084cc5fe6b0
0x00000084cc5fce20:   0000000000000000 00007fff158b4cc8
0x00000084cc5fce30:   0000000000000000 000001e100700710
0x00000084cc5fce40:   00002d9a0000000c 00000084cc5fe6b0
0x00000084cc5fce50:   000001e10bc09050 0000000000000000
0x00000084cc5fce60:   000001e10bd61050 0000000000002141
0x00000084cc5fce70:   00000084cc5fcdb0 000001e10730a420
0x00000084cc5fce80:   00007fff158b4c98 000001e10000000d
0x00000084cc5fce90:   00000084cc5fe6b0 00000084cc5fd1c0
0x00000084cc5fcea0:   0000000000002eb7 00007fff150304a3
0x00000084cc5fceb0:   000001e10000000a 00000084cc5fe6b0
0x00000084cc5fcec0:   000001e10a833380 0000000000000000
0x00000084cc5fced0:   000001e10b1769b0 000001e10834b170 

Instructions: (pc=0x00007fff1532b230)
0x00007fff1532b130:   48 8b a8 80 00 00 00 48 8b 8d d8 08 00 00 48 85
0x00007fff1532b140:   c9 75 0c e8 78 0b 00 00 48 8b 8d d8 08 00 00 48
0x00007fff1532b150:   8b 01 0f 57 c0 48 89 85 d8 08 00 00 0f 11 01 0f
0x00007fff1532b160:   11 41 10 41 0f 10 06 0f 11 01 41 0f 10 4e 10 0f
0x00007fff1532b170:   11 49 10 48 8b 43 08 48 89 0c 06 ff c7 ba 34 00
0x00007fff1532b180:   00 00 3b bb 90 00 00 00 0f 82 62 ff ff ff 4c 8b
0x00007fff1532b190:   74 24 60 4c 8b 6c 24 58 4c 8b 64 24 50 48 8b c3
0x00007fff1532b1a0:   48 83 c4 20 41 5f 5f 5e 5d 5b c3 cc cc cc cc cc
0x00007fff1532b1b0:   40 53 48 83 ec 20 8b 51 0c 48 8b d9 83 fa 04 73
0x00007fff1532b1c0:   2a 4c 8b 59 18 66 66 66 0f 1f 84 00 00 00 00 00
0x00007fff1532b1d0:   44 8b d2 44 8d 4a 01 4b 83 3c d3 00 0f 85 8f 00
0x00007fff1532b1e0:   00 00 41 8b d1 41 83 f9 04 72 e5 48 89 74 24 30
0x00007fff1532b1f0:   48 89 7c 24 38 8b 79 10 3b 79 14 73 62 48 8d 35
0x00007fff1532b200:   dc ae 7d 00 0f 1f 40 00 0f 1f 84 00 00 00 00 00
0x00007fff1532b210:   48 8b 43 20 8b cf 48 8b 14 c8 48 3b d6 74 39 33
0x00007fff1532b220:   c0 48 89 53 18 33 c9 66 0f 1f 84 00 00 00 00 00
0x00007fff1532b230:   48 83 3c 11 00 44 8d 48 01 75 6f 48 83 c1 08 41
0x00007fff1532b240:   8b c1 41 83 f9 04 72 e8 48 8b 4b 28 48 85 c9 74
0x00007fff1532b250:   07 8b d7 e8 58 01 00 00 ff c7 3b 7b 14 72 b1 48
0x00007fff1532b260:   8b 74 24 30 33 c0 48 8b 7c 24 38 48 83 c4 20 5b
0x00007fff1532b270:   c3 8b 41 10 44 8d 04 82 41 c1 e0 06 41 81 c0 00
0x00007fff1532b280:   ff ff ff 44 89 41 08 4b 8b 14 d3 48 0f bc c2 44
0x00007fff1532b290:   89 49 0c 8b c8 48 d3 ea 48 ff ca 41 03 c0 48 89
0x00007fff1532b2a0:   13 89 43 08 48 83 c4 20 5b c3 48 8b 74 24 30 44
0x00007fff1532b2b0:   8d 04 b8 8b c8 8d 47 01 48 8b 7c 24 38 41 c1 e0
0x00007fff1532b2c0:   06 44 89 43 08 48 8b 14 ca 89 43 10 48 0f bc c2
0x00007fff1532b2d0:   44 89 4b 0c 8b c8 48 d3 ea 48 ff ca 41 03 c0 48
0x00007fff1532b2e0:   89 13 89 43 08 48 83 c4 20 5b c3 cc cc cc cc cc
0x00007fff1532b2f0:   40 53 48 83 ec 20 65 48 8b 04 25 58 00 00 00 8b
0x00007fff1532b300:   0d 33 e5 82 00 48 8b 1c c8 b8 34 00 00 00 80 3c
0x00007fff1532b310:   18 00 75 05 e8 e7 36 4d 00 b8 20 00 00 00 48 8b
0x00007fff1532b320:   04 18 48 8b 88 60 06 00 00 48 8b 99 80 00 00 00 


Stack slot to memory mapping:

stack at sp + 0 slots: 0x000001e100700710 points into unknown readable memory: 0x692f676e616c2f07 | 07 2f 6c 61 6e 67 2f 69
stack at sp + 1 slots: 0x000001e106dd8800 points into unknown readable memory: 0x0000000000000001 | 01 00 00 00 00 00 00 00
stack at sp + 2 slots: 0x0000000000221d38 is an unknown value
stack at sp + 3 slots: 0x00007fff158e9a38 jvm.dll
stack at sp + 4 slots: 0x000001e10bc94150 points into unknown readable memory: 0x0000000e00000001 | 01 00 00 00 0e 00 00 00
stack at sp + 5 slots: 0x00007fff153245e1 jvm.dll
stack at sp + 6 slots: 0x0000000000000dea is an unknown value
stack at sp + 7 slots: 0x0000000000000dea is an unknown value


---------------  P R O C E S S  ---------------

Threads class SMR info:
_java_thread_list=0x000001e106eb7880, length=54, elements={
0x000001e168db45b0, 0x000001e100709300, 0x000001e1007357b0, 0x000001e10073f480,
0x000001e10073fed0, 0x000001e100740920, 0x000001e100741370, 0x000001e1007420f0,
0x000001e1007222f0, 0x000001e10087a5a0, 0x000001e100a26b10, 0x000001e1068159b0,
0x000001e1069cd030, 0x000001e1067ce570, 0x000001e106ae1cd0, 0x000001e106addd20,
0x000001e106929ec0, 0x000001e10692a520, 0x000001e10687c1e0, 0x000001e10687cf00,
0x000001e10687c870, 0x000001e10687ae30, 0x000001e10687dc20, 0x000001e10687e2b0,
0x000001e10687bb50, 0x000001e108f5a080, 0x000001e108f5a710, 0x000001e108f53e10,
0x000001e108f5ada0, 0x000001e108f5b430, 0x000001e108f54b30, 0x000001e108f551c0,
0x000001e108f55850, 0x000001e108f57920, 0x000001e108f56c00, 0x000001e108f57290,
0x000001e108f57fb0, 0x000001e108f59360, 0x000001e108f58640, 0x000001e108f599f0,
0x000001e108f58cd0, 0x000001e108567010, 0x000001e1085662f0, 0x000001e108567d30,
0x000001e1085683c0, 0x000001e108565c60, 0x000001e108566980, 0x000001e1085676a0,
0x000001e108564f40, 0x000001e1085655d0, 0x000001e108c64490, 0x000001e108c65840,
0x000001e1009cccf0, 0x000001e108a8fc30
}

Java Threads: ( => current thread )
  0x000001e168db45b0 JavaThread "main"                              [_thread_blocked, id=7044, stack(0x00000084cb700000,0x00000084cb800000) (1024K)]
  0x000001e100709300 JavaThread "Reference Handler"          daemon [_thread_blocked, id=14604, stack(0x00000084cbf00000,0x00000084cc000000) (1024K)]
  0x000001e1007357b0 JavaThread "Finalizer"                  daemon [_thread_blocked, id=14168, stack(0x00000084cc000000,0x00000084cc100000) (1024K)]
  0x000001e10073f480 JavaThread "Signal Dispatcher"          daemon [_thread_blocked, id=14256, stack(0x00000084cc100000,0x00000084cc200000) (1024K)]
  0x000001e10073fed0 JavaThread "Attach Listener"            daemon [_thread_blocked, id=10172, stack(0x00000084cc200000,0x00000084cc300000) (1024K)]
  0x000001e100740920 JavaThread "Service Thread"             daemon [_thread_blocked, id=9448, stack(0x00000084cc300000,0x00000084cc400000) (1024K)]
  0x000001e100741370 JavaThread "Monitor Deflation Thread"   daemon [_thread_blocked, id=1312, stack(0x00000084cc400000,0x00000084cc500000) (1024K)]
=>0x000001e1007420f0 JavaThread "C2 CompilerThread0"         daemon [_thread_in_native, id=13912, stack(0x00000084cc500000,0x00000084cc600000) (1024K)]
  0x000001e1007222f0 JavaThread "C1 CompilerThread0"         daemon [_thread_in_native, id=11796, stack(0x00000084cc600000,0x00000084cc700000) (1024K)]
  0x000001e10087a5a0 JavaThread "Common-Cleaner"             daemon [_thread_blocked, id=11720, stack(0x00000084cc700000,0x00000084cc800000) (1024K)]
  0x000001e100a26b10 JavaThread "Notification Thread"        daemon [_thread_blocked, id=8384, stack(0x00000084cc800000,0x00000084cc900000) (1024K)]
  0x000001e1068159b0 JavaThread "Daemon health stats"               [_thread_blocked, id=8280, stack(0x00000084cd000000,0x00000084cd100000) (1024K)]
  0x000001e1069cd030 JavaThread "Incoming local TCP Connector on port 63200"        [_thread_in_native, id=10956, stack(0x00000084cd100000,0x00000084cd200000) (1024K)]
  0x000001e1067ce570 JavaThread "Daemon periodic checks"            [_thread_blocked, id=4424, stack(0x00000084cd300000,0x00000084cd400000) (1024K)]
  0x000001e106ae1cd0 JavaThread "Daemon"                            [_thread_blocked, id=9884, stack(0x00000084cd400000,0x00000084cd500000) (1024K)]
  0x000001e106addd20 JavaThread "Handler for socket connection from /127.0.0.1:63200 to /127.0.0.1:63201"        [_thread_in_native, id=5128, stack(0x00000084cd500000,0x00000084cd600000) (1024K)]
  0x000001e106929ec0 JavaThread "Cancel handler"                    [_thread_blocked, id=5588, stack(0x00000084cd600000,0x00000084cd700000) (1024K)]
  0x000001e10692a520 JavaThread "Daemon worker"                     [_thread_in_vm, id=9480, stack(0x00000084cd700000,0x00000084cd800000) (1024K)]
  0x000001e10687c1e0 JavaThread "Asynchronous log dispatcher for DefaultDaemonConnection: socket connection from /127.0.0.1:63200 to /127.0.0.1:63201"        [_thread_blocked, id=4976, stack(0x00000084cd800000,0x00000084cd900000) (1024K)]
  0x000001e10687cf00 JavaThread "Stdin handler"                     [_thread_blocked, id=14184, stack(0x00000084cd900000,0x00000084cda00000) (1024K)]
  0x000001e10687c870 JavaThread "Daemon client event forwarder"        [_thread_blocked, id=4264, stack(0x00000084cda00000,0x00000084cdb00000) (1024K)]
  0x000001e10687ae30 JavaThread "Cache worker for journal cache (C:\Users\usuario\.gradle\caches\journal-1)"        [_thread_blocked, id=7564, stack(0x00000084cd200000,0x00000084cd300000) (1024K)]
  0x000001e10687dc20 JavaThread "File lock request listener"        [_thread_in_native, id=7128, stack(0x00000084cdc00000,0x00000084cdd00000) (1024K)]
  0x000001e10687e2b0 JavaThread "Cache worker for file hash cache (C:\Users\usuario\.gradle\caches\8.13\fileHashes)"        [_thread_blocked, id=12596, stack(0x00000084cdd00000,0x00000084cde00000) (1024K)]
  0x000001e10687bb50 JavaThread "Cache worker for file hash cache (D:\Proyectos Progra\MyApplication3\.gradle\8.13\fileHashes)"        [_thread_blocked, id=2460, stack(0x00000084cdf00000,0x00000084ce000000) (1024K)]
  0x000001e108f5a080 JavaThread "Cache worker for Build Output Cleanup Cache (D:\Proyectos Progra\MyApplication3\.gradle\buildOutputCleanup)"        [_thread_blocked, id=7036, stack(0x00000084ce000000,0x00000084ce100000) (1024K)]
  0x000001e108f5a710 JavaThread "File watcher server"        daemon [_thread_in_native, id=14896, stack(0x00000084cde00000,0x00000084cdf00000) (1024K)]
  0x000001e108f53e10 JavaThread "File watcher consumer"      daemon [_thread_blocked, id=2480, stack(0x00000084ce100000,0x00000084ce200000) (1024K)]
  0x000001e108f5ada0 JavaThread "jar transforms"                    [_thread_blocked, id=10936, stack(0x00000084ce200000,0x00000084ce300000) (1024K)]
  0x000001e108f5b430 JavaThread "jar transforms Thread 2"           [_thread_blocked, id=6496, stack(0x00000084ce300000,0x00000084ce400000) (1024K)]
  0x000001e108f54b30 JavaThread "Cache worker for checksums cache (D:\Proyectos Progra\MyApplication3\.gradle\8.13\checksums)"        [_thread_blocked, id=6384, stack(0x00000084ce600000,0x00000084ce700000) (1024K)]
  0x000001e108f551c0 JavaThread "Cache worker for file content cache (C:\Users\usuario\.gradle\caches\8.13\fileContent)"        [_thread_blocked, id=8804, stack(0x00000084ce700000,0x00000084ce800000) (1024K)]
  0x000001e108f55850 JavaThread "jar transforms Thread 3"           [_thread_blocked, id=5732, stack(0x00000084ce400000,0x00000084ce500000) (1024K)]
  0x000001e108f57920 JavaThread "Cache worker for cache directory md-supplier (C:\Users\usuario\.gradle\caches\8.13\md-supplier)"        [_thread_blocked, id=5184, stack(0x00000084ce800000,0x00000084ce900000) (1024K)]
  0x000001e108f56c00 JavaThread "Cache worker for cache directory md-rule (C:\Users\usuario\.gradle\caches\8.13\md-rule)"        [_thread_blocked, id=14560, stack(0x00000084ce900000,0x00000084cea00000) (1024K)]
  0x000001e108f57290 JavaThread "Unconstrained build operations"        [_thread_blocked, id=14140, stack(0x00000084ce500000,0x00000084ce600000) (1024K)]
  0x000001e108f57fb0 JavaThread "Unconstrained build operations Thread 2"        [_thread_blocked, id=1660, stack(0x00000084cea00000,0x00000084ceb00000) (1024K)]
  0x000001e108f59360 JavaThread "Unconstrained build operations Thread 3"        [_thread_blocked, id=7740, stack(0x00000084ceb00000,0x00000084cec00000) (1024K)]
  0x000001e108f58640 JavaThread "Unconstrained build operations Thread 4"        [_thread_blocked, id=13580, stack(0x00000084cec00000,0x00000084ced00000) (1024K)]
  0x000001e108f599f0 JavaThread "Unconstrained build operations Thread 5"        [_thread_blocked, id=12520, stack(0x00000084cee00000,0x00000084cef00000) (1024K)]
  0x000001e108f58cd0 JavaThread "Unconstrained build operations Thread 6"        [_thread_blocked, id=9752, stack(0x00000084cef00000,0x00000084cf000000) (1024K)]
  0x000001e108567010 JavaThread "Unconstrained build operations Thread 7"        [_thread_blocked, id=11044, stack(0x00000084cf000000,0x00000084cf100000) (1024K)]
  0x000001e1085662f0 JavaThread "Unconstrained build operations Thread 8"        [_thread_blocked, id=1956, stack(0x00000084cf100000,0x00000084cf200000) (1024K)]
  0x000001e108567d30 JavaThread "jar transforms Thread 4"           [_thread_blocked, id=7180, stack(0x00000084cf300000,0x00000084cf400000) (1024K)]
  0x000001e1085683c0 JavaThread "jar transforms Thread 5"           [_thread_blocked, id=13424, stack(0x00000084cf400000,0x00000084cf500000) (1024K)]
  0x000001e108565c60 JavaThread "Unconstrained build operations Thread 9"        [_thread_blocked, id=13852, stack(0x00000084cf500000,0x00000084cf600000) (1024K)]
  0x000001e108566980 JavaThread "Unconstrained build operations Thread 10"        [_thread_blocked, id=10692, stack(0x00000084cf600000,0x00000084cf700000) (1024K)]
  0x000001e1085676a0 JavaThread "Unconstrained build operations Thread 11"        [_thread_blocked, id=10980, stack(0x00000084cf700000,0x00000084cf800000) (1024K)]
  0x000001e108564f40 JavaThread "Unconstrained build operations Thread 12"        [_thread_blocked, id=1920, stack(0x00000084cf800000,0x00000084cf900000) (1024K)]
  0x000001e1085655d0 JavaThread "jar transforms Thread 6"           [_thread_blocked, id=8664, stack(0x00000084cf900000,0x00000084cfa00000) (1024K)]
  0x000001e108c64490 JavaThread "jar transforms Thread 7"           [_thread_blocked, id=4404, stack(0x00000084cfa00000,0x00000084cfb00000) (1024K)]
  0x000001e108c65840 JavaThread "jar transforms Thread 8"           [_thread_blocked, id=13308, stack(0x00000084cfb00000,0x00000084cfc00000) (1024K)]
  0x000001e1009cccf0 JavaThread "C2 CompilerThread1"         daemon [_thread_in_native, id=3512, stack(0x00000084ced00000,0x00000084cee00000) (1024K)]
  0x000001e108a8fc30 JavaThread "C2 CompilerThread2"         daemon [_thread_in_native, id=4168, stack(0x00000084cf200000,0x00000084cf300000) (1024K)]
Total: 54

Other Threads:
  0x000001e10052e2a0 VMThread "VM Thread"                           [id=14792, stack(0x00000084cbe00000,0x00000084cbf00000) (1024K)]
  0x000001e100523230 WatcherThread "VM Periodic Task Thread"        [id=12240, stack(0x00000084cbd00000,0x00000084cbe00000) (1024K)]
  0x000001e168e0c150 WorkerThread "GC Thread#0"                     [id=12460, stack(0x00000084cb800000,0x00000084cb900000) (1024K)]
  0x000001e1057cbcc0 WorkerThread "GC Thread#1"                     [id=14516, stack(0x00000084ccb00000,0x00000084ccc00000) (1024K)]
  0x000001e1057cc060 WorkerThread "GC Thread#2"                     [id=11908, stack(0x00000084ccc00000,0x00000084ccd00000) (1024K)]
  0x000001e1057cc400 WorkerThread "GC Thread#3"                     [id=12316, stack(0x00000084ccd00000,0x00000084cce00000) (1024K)]
  0x000001e10569e710 WorkerThread "GC Thread#4"                     [id=13432, stack(0x00000084cce00000,0x00000084ccf00000) (1024K)]
  0x000001e10569eab0 WorkerThread "GC Thread#5"                     [id=6000, stack(0x00000084ccf00000,0x00000084cd000000) (1024K)]
  0x000001e106990be0 WorkerThread "GC Thread#6"                     [id=112, stack(0x00000084cc900000,0x00000084cca00000) (1024K)]
  0x000001e10698bb70 WorkerThread "GC Thread#7"                     [id=7368, stack(0x00000084cca00000,0x00000084ccb00000) (1024K)]
  0x000001e168e1d140 ConcurrentGCThread "G1 Main Marker"            [id=6224, stack(0x00000084cb900000,0x00000084cba00000) (1024K)]
  0x000001e168e1e280 WorkerThread "G1 Conc#0"                       [id=14500, stack(0x00000084cba00000,0x00000084cbb00000) (1024K)]
  0x000001e1068ed0c0 WorkerThread "G1 Conc#1"                       [id=6132, stack(0x00000084cdb00000,0x00000084cdc00000) (1024K)]
  0x000001e1003f3290 ConcurrentGCThread "G1 Refine#0"               [id=2072, stack(0x00000084cbb00000,0x00000084cbc00000) (1024K)]
  0x000001e1003f3ab0 ConcurrentGCThread "G1 Service"                [id=8816, stack(0x00000084cbc00000,0x00000084cbd00000) (1024K)]
Total: 15

Threads with active compile tasks:
C2 CompilerThread0  21334 6130   !   4       java.net.URLClassLoader::findClass (47 bytes)
C1 CompilerThread0  21334 6287       3       java.io.ObjectStreamField::getSignature (39 bytes)
C2 CompilerThread1  21335 6277       4       jdk.internal.reflect.ClassFileAssembler::emitConstantPoolUTF8 (50 bytes)
C2 CompilerThread2  21335 6214       4       org.gradle.internal.service.DefaultServiceRegistry$ClassInspector$ClassDetails::collectTypes (63 bytes)
Total: 4

VM state: not at safepoint (normal execution)

VM Mutex/Monitor currently owned by a thread:  ([mutex/lock_event])
[0x00007fff15b1ce20] MethodCompileQueue_lock - owner thread: 0x000001e1007222f0
[0x00007fff15b1e2a0] CodeCache_lock - owner thread: 0x0000000000000000

Heap address: 0x0000000080000000, size: 2048 MB, Compressed Oops mode: 32-bit

CDS archive(s) not mapped
Compressed class space mapped at: 0x0000000100000000-0x0000000140000000, reserved size: 1073741824
Narrow klass base: 0x0000000000000000, Narrow klass shift: 3, Narrow klass range: 0x140000000

GC Precious Log:
 CardTable entry size: 512
 Card Set container configuration: InlinePtr #cards 5 size 8 Array Of Cards #cards 12 size 40 Howl #buckets 4 coarsen threshold 1843 Howl Bitmap #cards 512 size 80 coarsen threshold 460 Card regions per heap region 1 cards per card region 2048
 CPUs: 8 total, 8 available
 Memory: 16279M
 Large Page Support: Disabled
 NUMA Support: Disabled
 Compressed Oops: Enabled (32-bit)
 Heap Region Size: 1M
 Heap Min Capacity: 8M
 Heap Initial Capacity: 256M
 Heap Max Capacity: 2G
 Pre-touch: Disabled
 Parallel Workers: 8
 Concurrent Workers: 2
 Concurrent Refinement Workers: 8
 Periodic GC: Disabled

Heap:
 garbage-first heap   total 106496K, used 78364K [0x0000000080000000, 0x0000000100000000)
  region size 1024K, 37 young (37888K), 4 survivors (4096K)
 Metaspace       used 69807K, committed 71680K, reserved 1114112K
  class space    used 9546K, committed 10496K, reserved 1048576K

Heap Regions: E=young(eden), S=young(survivor), O=old, HS=humongous(starts), HC=humongous(continues), CS=collection set, F=free, TAMS=top-at-mark-start, PB=parsable bottom
|   0|0x0000000080000000, 0x0000000080100000, 0x0000000080100000|100%|HS|  |TAMS 0x0000000080000000| PB 0x0000000080000000| Complete 
|   1|0x0000000080100000, 0x0000000080200000, 0x0000000080200000|100%|HC|  |TAMS 0x0000000080100000| PB 0x0000000080100000| Complete 
|   2|0x0000000080200000, 0x0000000080300000, 0x0000000080300000|100%|HC|  |TAMS 0x0000000080200000| PB 0x0000000080200000| Complete 
|   3|0x0000000080300000, 0x0000000080400000, 0x0000000080400000|100%| O|  |TAMS 0x0000000080300000| PB 0x0000000080300000| Untracked 
|   4|0x0000000080400000, 0x0000000080500000, 0x0000000080500000|100%| O|  |TAMS 0x0000000080400000| PB 0x0000000080400000| Untracked 
|   5|0x0000000080500000, 0x0000000080600000, 0x0000000080600000|100%| O|  |TAMS 0x0000000080500000| PB 0x0000000080500000| Untracked 
|   6|0x0000000080600000, 0x0000000080700000, 0x0000000080700000|100%|HS|  |TAMS 0x0000000080600000| PB 0x0000000080600000| Complete 
|   7|0x0000000080700000, 0x0000000080800000, 0x0000000080800000|100%| O|  |TAMS 0x0000000080700000| PB 0x0000000080700000| Untracked 
|   8|0x0000000080800000, 0x0000000080900000, 0x0000000080900000|100%| O|  |TAMS 0x0000000080800000| PB 0x0000000080800000| Untracked 
|   9|0x0000000080900000, 0x0000000080a00000, 0x0000000080a00000|100%| O|  |TAMS 0x0000000080900000| PB 0x0000000080900000| Untracked 
|  10|0x0000000080a00000, 0x0000000080b00000, 0x0000000080b00000|100%| O|  |TAMS 0x0000000080a00000| PB 0x0000000080a00000| Untracked 
|  11|0x0000000080b00000, 0x0000000080c00000, 0x0000000080c00000|100%| O|  |TAMS 0x0000000080b00000| PB 0x0000000080b00000| Untracked 
|  12|0x0000000080c00000, 0x0000000080d00000, 0x0000000080d00000|100%| O|  |TAMS 0x0000000080c00000| PB 0x0000000080c00000| Untracked 
|  13|0x0000000080d00000, 0x0000000080e00000, 0x0000000080e00000|100%| O|  |TAMS 0x0000000080d00000| PB 0x0000000080d00000| Untracked 
|  14|0x0000000080e00000, 0x0000000080f00000, 0x0000000080f00000|100%| O|  |TAMS 0x0000000080e00000| PB 0x0000000080e00000| Untracked 
|  15|0x0000000080f00000, 0x0000000081000000, 0x0000000081000000|100%| O|  |TAMS 0x0000000080f00000| PB 0x0000000080f00000| Untracked 
|  16|0x0000000081000000, 0x0000000081100000, 0x0000000081100000|100%| O|  |TAMS 0x0000000081000000| PB 0x0000000081000000| Untracked 
|  17|0x0000000081100000, 0x0000000081200000, 0x0000000081200000|100%| O|  |TAMS 0x0000000081100000| PB 0x0000000081100000| Untracked 
|  18|0x0000000081200000, 0x0000000081300000, 0x0000000081300000|100%| O|  |TAMS 0x0000000081200000| PB 0x0000000081200000| Untracked 
|  19|0x0000000081300000, 0x0000000081400000, 0x0000000081400000|100%| O|  |TAMS 0x0000000081300000| PB 0x0000000081300000| Untracked 
|  20|0x0000000081400000, 0x0000000081500000, 0x0000000081500000|100%| O|  |TAMS 0x0000000081400000| PB 0x0000000081400000| Untracked 
|  21|0x0000000081500000, 0x0000000081600000, 0x0000000081600000|100%| O|  |TAMS 0x0000000081500000| PB 0x0000000081500000| Untracked 
|  22|0x0000000081600000, 0x0000000081700000, 0x0000000081700000|100%| O|  |TAMS 0x0000000081600000| PB 0x0000000081600000| Untracked 
|  23|0x0000000081700000, 0x0000000081800000, 0x0000000081800000|100%| O|  |TAMS 0x0000000081700000| PB 0x0000000081700000| Untracked 
|  24|0x0000000081800000, 0x0000000081900000, 0x0000000081900000|100%| O|  |TAMS 0x0000000081800000| PB 0x0000000081800000| Untracked 
|  25|0x0000000081900000, 0x0000000081a00000, 0x0000000081a00000|100%| O|  |TAMS 0x0000000081900000| PB 0x0000000081900000| Untracked 
|  26|0x0000000081a00000, 0x0000000081b00000, 0x0000000081b00000|100%| O|Cm|TAMS 0x0000000081a00000| PB 0x0000000081a00000| Complete 
|  27|0x0000000081b00000, 0x0000000081c00000, 0x0000000081c00000|100%| O|  |TAMS 0x0000000081b00000| PB 0x0000000081b00000| Untracked 
|  28|0x0000000081c00000, 0x0000000081c00000, 0x0000000081d00000|  0%| F|  |TAMS 0x0000000081c00000| PB 0x0000000081c00000| Untracked 
|  29|0x0000000081d00000, 0x0000000081d00000, 0x0000000081e00000|  0%| F|  |TAMS 0x0000000081d00000| PB 0x0000000081d00000| Untracked 
|  30|0x0000000081e00000, 0x0000000081f00000, 0x0000000081f00000|100%| O|  |TAMS 0x0000000081e00000| PB 0x0000000081e00000| Untracked 
|  31|0x0000000081f00000, 0x0000000082000000, 0x0000000082000000|100%| O|  |TAMS 0x0000000081f00000| PB 0x0000000081f00000| Untracked 
|  32|0x0000000082000000, 0x0000000082100000, 0x0000000082100000|100%| O|  |TAMS 0x0000000082000000| PB 0x0000000082000000| Untracked 
|  33|0x0000000082100000, 0x0000000082200000, 0x0000000082200000|100%| O|  |TAMS 0x0000000082100000| PB 0x0000000082100000| Untracked 
|  34|0x0000000082200000, 0x0000000082300000, 0x0000000082300000|100%| O|  |TAMS 0x0000000082200000| PB 0x0000000082200000| Untracked 
|  35|0x0000000082300000, 0x0000000082400000, 0x0000000082400000|100%| O|  |TAMS 0x0000000082300000| PB 0x0000000082300000| Untracked 
|  36|0x0000000082400000, 0x0000000082500000, 0x0000000082500000|100%| O|  |TAMS 0x0000000082400000| PB 0x0000000082400000| Untracked 
|  37|0x0000000082500000, 0x0000000082600000, 0x0000000082600000|100%| O|  |TAMS 0x0000000082500000| PB 0x0000000082500000| Untracked 
|  38|0x0000000082600000, 0x0000000082700000, 0x0000000082700000|100%| O|  |TAMS 0x0000000082600000| PB 0x0000000082600000| Untracked 
|  39|0x0000000082700000, 0x0000000082800000, 0x0000000082800000|100%| O|  |TAMS 0x0000000082700000| PB 0x0000000082700000| Untracked 
|  40|0x0000000082800000, 0x0000000082800000, 0x0000000082900000|  0%| F|  |TAMS 0x0000000082800000| PB 0x0000000082800000| Untracked 
|  41|0x0000000082900000, 0x0000000082900000, 0x0000000082a00000|  0%| F|  |TAMS 0x0000000082900000| PB 0x0000000082900000| Untracked 
|  42|0x0000000082a00000, 0x0000000082a00000, 0x0000000082b00000|  0%| F|  |TAMS 0x0000000082a00000| PB 0x0000000082a00000| Untracked 
|  43|0x0000000082b00000, 0x0000000082b00000, 0x0000000082c00000|  0%| F|  |TAMS 0x0000000082b00000| PB 0x0000000082b00000| Untracked 
|  44|0x0000000082c00000, 0x0000000082c00000, 0x0000000082d00000|  0%| F|  |TAMS 0x0000000082c00000| PB 0x0000000082c00000| Untracked 
|  45|0x0000000082d00000, 0x0000000082db1ae0, 0x0000000082e00000| 69%| S|CS|TAMS 0x0000000082d00000| PB 0x0000000082d00000| Complete 
|  46|0x0000000082e00000, 0x0000000082ed5640, 0x0000000082f00000| 83%| O|  |TAMS 0x0000000082e00000| PB 0x0000000082e00000| Untracked 
|  47|0x0000000082f00000, 0x0000000083000000, 0x0000000083000000|100%| S|CS|TAMS 0x0000000082f00000| PB 0x0000000082f00000| Complete 
|  48|0x0000000083000000, 0x0000000083100000, 0x0000000083100000|100%| S|CS|TAMS 0x0000000083000000| PB 0x0000000083000000| Complete 
|  49|0x0000000083100000, 0x0000000083200000, 0x0000000083200000|100%| S|CS|TAMS 0x0000000083100000| PB 0x0000000083100000| Complete 
|  50|0x0000000083200000, 0x0000000083200000, 0x0000000083300000|  0%| F|  |TAMS 0x0000000083200000| PB 0x0000000083200000| Untracked 
|  51|0x0000000083300000, 0x0000000083300000, 0x0000000083400000|  0%| F|  |TAMS 0x0000000083300000| PB 0x0000000083300000| Untracked 
|  52|0x0000000083400000, 0x0000000083400000, 0x0000000083500000|  0%| F|  |TAMS 0x0000000083400000| PB 0x0000000083400000| Untracked 
|  53|0x0000000083500000, 0x0000000083500000, 0x0000000083600000|  0%| F|  |TAMS 0x0000000083500000| PB 0x0000000083500000| Untracked 
|  54|0x0000000083600000, 0x0000000083600000, 0x0000000083700000|  0%| F|  |TAMS 0x0000000083600000| PB 0x0000000083600000| Untracked 
|  55|0x0000000083700000, 0x0000000083700000, 0x0000000083800000|  0%| F|  |TAMS 0x0000000083700000| PB 0x0000000083700000| Untracked 
|  56|0x0000000083800000, 0x0000000083800000, 0x0000000083900000|  0%| F|  |TAMS 0x0000000083800000| PB 0x0000000083800000| Untracked 
|  57|0x0000000083900000, 0x0000000083900000, 0x0000000083a00000|  0%| F|  |TAMS 0x0000000083900000| PB 0x0000000083900000| Untracked 
|  58|0x0000000083a00000, 0x0000000083a00000, 0x0000000083b00000|  0%| F|  |TAMS 0x0000000083a00000| PB 0x0000000083a00000| Untracked 
|  59|0x0000000083b00000, 0x0000000083b00000, 0x0000000083c00000|  0%| F|  |TAMS 0x0000000083b00000| PB 0x0000000083b00000| Untracked 
|  60|0x0000000083c00000, 0x0000000083c00000, 0x0000000083d00000|  0%| F|  |TAMS 0x0000000083c00000| PB 0x0000000083c00000| Untracked 
|  61|0x0000000083d00000, 0x0000000083d00000, 0x0000000083e00000|  0%| F|  |TAMS 0x0000000083d00000| PB 0x0000000083d00000| Untracked 
|  62|0x0000000083e00000, 0x0000000083e00000, 0x0000000083f00000|  0%| F|  |TAMS 0x0000000083e00000| PB 0x0000000083e00000| Untracked 
|  63|0x0000000083f00000, 0x0000000083f00000, 0x0000000084000000|  0%| F|  |TAMS 0x0000000083f00000| PB 0x0000000083f00000| Untracked 
|  64|0x0000000084000000, 0x0000000084000000, 0x0000000084100000|  0%| F|  |TAMS 0x0000000084000000| PB 0x0000000084000000| Untracked 
|  65|0x0000000084100000, 0x0000000084100000, 0x0000000084200000|  0%| F|  |TAMS 0x0000000084100000| PB 0x0000000084100000| Untracked 
|  66|0x0000000084200000, 0x0000000084200000, 0x0000000084300000|  0%| F|  |TAMS 0x0000000084200000| PB 0x0000000084200000| Untracked 
|  67|0x0000000084300000, 0x0000000084300000, 0x0000000084400000|  0%| F|  |TAMS 0x0000000084300000| PB 0x0000000084300000| Untracked 
|  68|0x0000000084400000, 0x0000000084400000, 0x0000000084500000|  0%| F|  |TAMS 0x0000000084400000| PB 0x0000000084400000| Untracked 
|  69|0x0000000084500000, 0x0000000084600000, 0x0000000084600000|100%| E|  |TAMS 0x0000000084500000| PB 0x0000000084500000| Complete 
|  70|0x0000000084600000, 0x0000000084700000, 0x0000000084700000|100%| E|CS|TAMS 0x0000000084600000| PB 0x0000000084600000| Complete 
|  71|0x0000000084700000, 0x0000000084800000, 0x0000000084800000|100%| E|CS|TAMS 0x0000000084700000| PB 0x0000000084700000| Complete 
|  72|0x0000000084800000, 0x0000000084900000, 0x0000000084900000|100%| E|CS|TAMS 0x0000000084800000| PB 0x0000000084800000| Complete 
|  73|0x0000000084900000, 0x0000000084a00000, 0x0000000084a00000|100%| E|CS|TAMS 0x0000000084900000| PB 0x0000000084900000| Complete 
|  74|0x0000000084a00000, 0x0000000084b00000, 0x0000000084b00000|100%| E|CS|TAMS 0x0000000084a00000| PB 0x0000000084a00000| Complete 
|  75|0x0000000084b00000, 0x0000000084c00000, 0x0000000084c00000|100%| E|CS|TAMS 0x0000000084b00000| PB 0x0000000084b00000| Complete 
|  76|0x0000000084c00000, 0x0000000084d00000, 0x0000000084d00000|100%| E|CS|TAMS 0x0000000084c00000| PB 0x0000000084c00000| Complete 
|  77|0x0000000084d00000, 0x0000000084e00000, 0x0000000084e00000|100%| E|CS|TAMS 0x0000000084d00000| PB 0x0000000084d00000| Complete 
|  78|0x0000000084e00000, 0x0000000084f00000, 0x0000000084f00000|100%| E|CS|TAMS 0x0000000084e00000| PB 0x0000000084e00000| Complete 
|  79|0x0000000084f00000, 0x0000000085000000, 0x0000000085000000|100%| E|CS|TAMS 0x0000000084f00000| PB 0x0000000084f00000| Complete 
|  80|0x0000000085000000, 0x0000000085100000, 0x0000000085100000|100%| E|CS|TAMS 0x0000000085000000| PB 0x0000000085000000| Complete 
|  81|0x0000000085100000, 0x0000000085200000, 0x0000000085200000|100%| E|CS|TAMS 0x0000000085100000| PB 0x0000000085100000| Complete 
|  82|0x0000000085200000, 0x0000000085300000, 0x0000000085300000|100%| E|CS|TAMS 0x0000000085200000| PB 0x0000000085200000| Complete 
|  83|0x0000000085300000, 0x0000000085400000, 0x0000000085400000|100%| E|CS|TAMS 0x0000000085300000| PB 0x0000000085300000| Complete 
|  84|0x0000000085400000, 0x0000000085500000, 0x0000000085500000|100%| E|CS|TAMS 0x0000000085400000| PB 0x0000000085400000| Complete 
|  85|0x0000000085500000, 0x0000000085600000, 0x0000000085600000|100%| E|CS|TAMS 0x0000000085500000| PB 0x0000000085500000| Complete 
|  86|0x0000000085600000, 0x0000000085700000, 0x0000000085700000|100%| E|CS|TAMS 0x0000000085600000| PB 0x0000000085600000| Complete 
|  87|0x0000000085700000, 0x0000000085800000, 0x0000000085800000|100%| E|CS|TAMS 0x0000000085700000| PB 0x0000000085700000| Complete 
|  88|0x0000000085800000, 0x0000000085900000, 0x0000000085900000|100%| E|CS|TAMS 0x0000000085800000| PB 0x0000000085800000| Complete 
|  89|0x0000000085900000, 0x0000000085a00000, 0x0000000085a00000|100%| E|CS|TAMS 0x0000000085900000| PB 0x0000000085900000| Complete 
|  90|0x0000000085a00000, 0x0000000085b00000, 0x0000000085b00000|100%| E|CS|TAMS 0x0000000085a00000| PB 0x0000000085a00000| Complete 
|  91|0x0000000085b00000, 0x0000000085c00000, 0x0000000085c00000|100%| E|CS|TAMS 0x0000000085b00000| PB 0x0000000085b00000| Complete 
| 224|0x000000008e000000, 0x000000008e100000, 0x000000008e100000|100%| E|CS|TAMS 0x000000008e000000| PB 0x000000008e000000| Complete 
| 225|0x000000008e100000, 0x000000008e200000, 0x000000008e200000|100%| E|CS|TAMS 0x000000008e100000| PB 0x000000008e100000| Complete 
| 226|0x000000008e200000, 0x000000008e300000, 0x000000008e300000|100%| E|CS|TAMS 0x000000008e200000| PB 0x000000008e200000| Complete 
| 227|0x000000008e300000, 0x000000008e400000, 0x000000008e400000|100%| E|CS|TAMS 0x000000008e300000| PB 0x000000008e300000| Complete 
| 228|0x000000008e400000, 0x000000008e500000, 0x000000008e500000|100%| E|CS|TAMS 0x000000008e400000| PB 0x000000008e400000| Complete 
| 229|0x000000008e500000, 0x000000008e600000, 0x000000008e600000|100%| E|CS|TAMS 0x000000008e500000| PB 0x000000008e500000| Complete 
| 230|0x000000008e600000, 0x000000008e700000, 0x000000008e700000|100%| E|CS|TAMS 0x000000008e600000| PB 0x000000008e600000| Complete 
| 231|0x000000008e700000, 0x000000008e800000, 0x000000008e800000|100%| E|CS|TAMS 0x000000008e700000| PB 0x000000008e700000| Complete 
| 232|0x000000008e800000, 0x000000008e900000, 0x000000008e900000|100%| E|CS|TAMS 0x000000008e800000| PB 0x000000008e800000| Complete 
| 255|0x000000008ff00000, 0x0000000090000000, 0x0000000090000000|100%| E|CS|TAMS 0x000000008ff00000| PB 0x000000008ff00000| Complete 
|2046|0x00000000ffe00000, 0x00000000fff00000, 0x00000000fff00000|100%| O|  |TAMS 0x00000000ffe00000| PB 0x00000000ffe00000| Untracked 
|2047|0x00000000fff00000, 0x0000000100000000, 0x0000000100000000|100%| O|  |TAMS 0x00000000fff00000| PB 0x00000000fff00000| Untracked 

Card table byte_map: [0x000001e17b640000,0x000001e17ba40000] _byte_map_base: 0x000001e17b240000

Marking Bits: (CMBitMap*) 0x000001e168e0c6f0
 Bits: [0x000001e17ba40000, 0x000001e17da40000)

Polling page: 0x000001e166db0000

Metaspace:

Usage:
  Non-class:     58.87 MB used.
      Class:      9.33 MB used.
       Both:     68.20 MB used.

Virtual space:
  Non-class space:       64.00 MB reserved,      59.75 MB ( 93%) committed,  1 nodes.
      Class space:        1.00 GB reserved,      10.25 MB (  1%) committed,  1 nodes.
             Both:        1.06 GB reserved,      70.00 MB (  6%) committed. 

Chunk freelists:
   Non-Class:  3.97 MB
       Class:  5.60 MB
        Both:  9.57 MB

MaxMetaspaceSize: unlimited
CompressedClassSpaceSize: 1.00 GB
Initial GC threshold: 21.00 MB
Current GC threshold: 98.75 MB
CDS: off
 - commit_granule_bytes: 65536.
 - commit_granule_words: 8192.
 - virtual_space_node_default_size: 8388608.
 - enlarge_chunks_in_place: 1.
 - use_allocation_guard: 0.


Internal statistics:

num_allocs_failed_limit: 9.
num_arena_births: 3366.
num_arena_deaths: 0.
num_vsnodes_births: 2.
num_vsnodes_deaths: 0.
num_space_committed: 1120.
num_space_uncommitted: 0.
num_chunks_returned_to_freelist: 9.
num_chunks_taken_from_freelist: 6329.
num_chunk_merges: 9.
num_chunk_splits: 4058.
num_chunks_enlarged: 2434.
num_inconsistent_stats: 0.

CodeHeap 'non-profiled nmethods': size=120000Kb used=3685Kb max_used=3685Kb free=116314Kb
 bounds [0x000001e1739e0000, 0x000001e173d80000, 0x000001e17af10000]
CodeHeap 'profiled nmethods': size=120000Kb used=10992Kb max_used=10992Kb free=109007Kb
 bounds [0x000001e16bf10000, 0x000001e16c9d0000, 0x000001e173440000]
CodeHeap 'non-nmethods': size=5760Kb used=2742Kb max_used=2825Kb free=3017Kb
 bounds [0x000001e173440000, 0x000001e173710000, 0x000001e1739e0000]
 total_blobs=6634 nmethods=5745 adapters=792
 compilation: enabled
              stopped_count=0, restarted_count=0
 full_count=0

Compilation events (20 events):
Event: 21.020 Thread 0x000001e108a8fc30 6156       4       org.gradle.internal.reflect.PropertyAccessorType::takesSingleParameter (14 bytes)
Event: 21.021 Thread 0x000001e108a8fc30 nmethod 6156 0x000001e173d56a90 code [0x000001e173d56c20, 0x000001e173d56cc8]
Event: 21.021 Thread 0x000001e108a8fc30 6200       4       java.lang.ref.Reference::clear (5 bytes)
Event: 21.021 Thread 0x000001e108a8fc30 nmethod 6200 0x000001e173d56d90 code [0x000001e173d56f20, 0x000001e173d56fd0]
Event: 21.060 Thread 0x000001e108a8fc30 6201       4       org.objectweb.asm.ClassReader::readUtf (161 bytes)
Event: 21.061 Thread 0x000001e1007222f0 6203       3       org.objectweb.asm.MethodWriter::visitLocalVariable (222 bytes)
Event: 21.063 Thread 0x000001e1007222f0 nmethod 6203 0x000001e16c96b810 code [0x000001e16c96bb60, 0x000001e16c96ccd8]
Event: 21.067 Thread 0x000001e1007222f0 6204       3       org.objectweb.asm.Handle::hashCode (43 bytes)
Event: 21.067 Thread 0x000001e1007222f0 nmethod 6204 0x000001e16c96d510 code [0x000001e16c96d6e0, 0x000001e16c96d910]
Event: 21.072 Thread 0x000001e1007222f0 6206       3       org.objectweb.asm.ClassReader::readCode (5117 bytes)
Event: 21.077 Thread 0x000001e108a8fc30 nmethod 6201 0x000001e173d57090 code [0x000001e173d57260, 0x000001e173d57a80]
Event: 21.077 Thread 0x000001e108a8fc30 6205       4       org.objectweb.asm.ByteVector::putShort (52 bytes)
Event: 21.079 Thread 0x000001e108a8fc30 nmethod 6205 0x000001e173d57e90 code [0x000001e173d58040, 0x000001e173d58208]
Event: 21.079 Thread 0x000001e108a8fc30 6208       4       org.objectweb.asm.SymbolTable::addConstantClass (8 bytes)
Event: 21.079 Thread 0x000001e108a8fc30 nmethod 6208 0x000001e173d58390 code [0x000001e173d58520, 0x000001e173d585d8]
Event: 21.079 Thread 0x000001e108a8fc30 6207       4       org.objectweb.asm.ClassReader::readInt (52 bytes)
Event: 21.081 Thread 0x000001e108a8fc30 nmethod 6207 0x000001e173d58690 code [0x000001e173d58820, 0x000001e173d58948]
Event: 21.081 Thread 0x000001e108a8fc30 6202       4       org.objectweb.asm.MethodWriter::visitMethodInsn (191 bytes)
Event: 21.090 Thread 0x000001e1009cccf0 nmethod 6132 0x000001e173d58a10 code [0x000001e173d59380, 0x000001e173d61c20]
Event: 21.097 Thread 0x000001e1009cccf0 6211       4       org.objectweb.asm.ClassReader::readUtf (44 bytes)

GC Heap History (20 events):
Event: 7.889 GC heap before
{Heap before GC invocations=5 (full 0):
 garbage-first heap   total 71680K, used 69386K [0x0000000080000000, 0x0000000100000000)
  region size 1024K, 58 young (59392K), 9 survivors (9216K)
 Metaspace       used 29136K, committed 29696K, reserved 1114112K
  class space    used 3705K, committed 3968K, reserved 1048576K
}
Event: 7.899 GC heap after
{Heap after GC invocations=6 (full 0):
 garbage-first heap   total 82944K, used 22953K [0x0000000080000000, 0x0000000100000000)
  region size 1024K, 11 young (11264K), 11 survivors (11264K)
 Metaspace       used 29136K, committed 29696K, reserved 1114112K
  class space    used 3705K, committed 3968K, reserved 1048576K
}
Event: 10.311 GC heap before
{Heap before GC invocations=6 (full 0):
 garbage-first heap   total 82944K, used 60841K [0x0000000080000000, 0x0000000100000000)
  region size 1024K, 48 young (49152K), 11 survivors (11264K)
 Metaspace       used 34049K, committed 34816K, reserved 1114112K
  class space    used 4534K, committed 4928K, reserved 1048576K
}
Event: 10.323 GC heap after
{Heap after GC invocations=7 (full 0):
 garbage-first heap   total 82944K, used 25439K [0x0000000080000000, 0x0000000100000000)
  region size 1024K, 6 young (6144K), 6 survivors (6144K)
 Metaspace       used 34049K, committed 34816K, reserved 1114112K
  class space    used 4534K, committed 4928K, reserved 1048576K
}
Event: 10.733 GC heap before
{Heap before GC invocations=7 (full 0):
 garbage-first heap   total 82944K, used 33631K [0x0000000080000000, 0x0000000100000000)
  region size 1024K, 15 young (15360K), 6 survivors (6144K)
 Metaspace       used 35356K, committed 36160K, reserved 1114112K
  class space    used 4715K, committed 5120K, reserved 1048576K
}
Event: 10.741 GC heap after
{Heap after GC invocations=8 (full 0):
 garbage-first heap   total 82944K, used 25560K [0x0000000080000000, 0x0000000100000000)
  region size 1024K, 3 young (3072K), 3 survivors (3072K)
 Metaspace       used 35356K, committed 36160K, reserved 1114112K
  class space    used 4715K, committed 5120K, reserved 1048576K
}
Event: 13.173 GC heap before
{Heap before GC invocations=9 (full 0):
 garbage-first heap   total 82944K, used 68568K [0x0000000080000000, 0x0000000100000000)
  region size 1024K, 46 young (47104K), 3 survivors (3072K)
 Metaspace       used 43589K, committed 44544K, reserved 1114112K
  class space    used 5722K, committed 6208K, reserved 1048576K
}
Event: 13.183 GC heap after
{Heap after GC invocations=10 (full 0):
 garbage-first heap   total 82944K, used 30168K [0x0000000080000000, 0x0000000100000000)
  region size 1024K, 6 young (6144K), 6 survivors (6144K)
 Metaspace       used 43589K, committed 44544K, reserved 1114112K
  class space    used 5722K, committed 6208K, reserved 1048576K
}
Event: 14.410 GC heap before
{Heap before GC invocations=10 (full 0):
 garbage-first heap   total 82944K, used 74200K [0x0000000080000000, 0x0000000100000000)
  region size 1024K, 45 young (46080K), 6 survivors (6144K)
 Metaspace       used 47072K, committed 48128K, reserved 1114112K
  class space    used 6125K, committed 6656K, reserved 1048576K
}
Event: 14.423 GC heap after
{Heap after GC invocations=11 (full 0):
 garbage-first heap   total 88064K, used 34444K [0x0000000080000000, 0x0000000100000000)
  region size 1024K, 5 young (5120K), 5 survivors (5120K)
 Metaspace       used 47072K, committed 48128K, reserved 1114112K
  class space    used 6125K, committed 6656K, reserved 1048576K
}
Event: 15.689 GC heap before
{Heap before GC invocations=11 (full 0):
 garbage-first heap   total 88064K, used 74380K [0x0000000080000000, 0x0000000100000000)
  region size 1024K, 44 young (45056K), 5 survivors (5120K)
 Metaspace       used 51860K, committed 53248K, reserved 1114112K
  class space    used 6917K, committed 7616K, reserved 1048576K
}
Event: 15.700 GC heap after
{Heap after GC invocations=12 (full 0):
 garbage-first heap   total 88064K, used 37392K [0x0000000080000000, 0x0000000100000000)
  region size 1024K, 3 young (3072K), 3 survivors (3072K)
 Metaspace       used 51860K, committed 53248K, reserved 1114112K
  class space    used 6917K, committed 7616K, reserved 1048576K
}
Event: 17.299 GC heap before
{Heap before GC invocations=12 (full 0):
 garbage-first heap   total 88064K, used 76304K [0x0000000080000000, 0x0000000100000000)
  region size 1024K, 41 young (41984K), 3 survivors (3072K)
 Metaspace       used 55767K, committed 57280K, reserved 1114112K
  class space    used 7539K, committed 8320K, reserved 1048576K
}
Event: 17.306 GC heap after
{Heap after GC invocations=13 (full 0):
 garbage-first heap   total 88064K, used 41580K [0x0000000080000000, 0x0000000100000000)
  region size 1024K, 6 young (6144K), 6 survivors (6144K)
 Metaspace       used 55767K, committed 57280K, reserved 1114112K
  class space    used 7539K, committed 8320K, reserved 1048576K
}
Event: 17.908 GC heap before
{Heap before GC invocations=13 (full 0):
 garbage-first heap   total 88064K, used 77420K [0x0000000080000000, 0x0000000100000000)
  region size 1024K, 40 young (40960K), 6 survivors (6144K)
 Metaspace       used 57852K, committed 59456K, reserved 1114112K
  class space    used 7729K, committed 8512K, reserved 1048576K
}
Event: 17.918 GC heap after
{Heap after GC invocations=14 (full 0):
 garbage-first heap   total 88064K, used 43088K [0x0000000080000000, 0x0000000100000000)
  region size 1024K, 2 young (2048K), 2 survivors (2048K)
 Metaspace       used 57852K, committed 59456K, reserved 1114112K
  class space    used 7729K, committed 8512K, reserved 1048576K
}
Event: 18.251 GC heap before
{Heap before GC invocations=14 (full 0):
 garbage-first heap   total 88064K, used 50256K [0x0000000080000000, 0x0000000100000000)
  region size 1024K, 10 young (10240K), 2 survivors (2048K)
 Metaspace       used 58811K, committed 60416K, reserved 1114112K
  class space    used 7881K, committed 8704K, reserved 1048576K
}
Event: 18.254 GC heap after
{Heap after GC invocations=15 (full 0):
 garbage-first heap   total 106496K, used 43273K [0x0000000080000000, 0x0000000100000000)
  region size 1024K, 2 young (2048K), 2 survivors (2048K)
 Metaspace       used 58811K, committed 60416K, reserved 1114112K
  class space    used 7881K, committed 8704K, reserved 1048576K
}
Event: 19.868 GC heap before
{Heap before GC invocations=16 (full 0):
 garbage-first heap   total 106496K, used 94473K [0x0000000080000000, 0x0000000100000000)
  region size 1024K, 52 young (53248K), 2 survivors (2048K)
 Metaspace       used 65799K, committed 67456K, reserved 1114112K
  class space    used 8905K, committed 9728K, reserved 1048576K
}
Event: 19.873 GC heap after
{Heap after GC invocations=17 (full 0):
 garbage-first heap   total 106496K, used 45596K [0x0000000080000000, 0x0000000100000000)
  region size 1024K, 4 young (4096K), 4 survivors (4096K)
 Metaspace       used 65799K, committed 67456K, reserved 1114112K
  class space    used 8905K, committed 9728K, reserved 1048576K
}

Dll operation events (3 events):
Event: 0.085 Loaded shared library D:\Programas\AndroidStudio\jbr\bin\java.dll
Event: 0.111 Loaded shared library D:\Programas\AndroidStudio\jbr\bin\zip.dll
Event: 1.449 Loaded shared library D:\Programas\AndroidStudio\jbr\bin\verify.dll

Deoptimization events (20 events):
Event: 20.908 Thread 0x000001e10692a520 Uncommon trap: trap_request=0xffffff76 fr.pc=0x000001e173ce33a0 relative=0x0000000000000200
Event: 20.908 Thread 0x000001e10692a520 Uncommon trap: reason=predicate action=maybe_recompile pc=0x000001e173ce33a0 method=java.util.LinkedHashMap.keysToArray([Ljava/lang/Object;Z)[Ljava/lang/Object; @ 53 c2
Event: 20.908 Thread 0x000001e10692a520 DEOPT PACKING pc=0x000001e173ce33a0 sp=0x00000084cd7f8a30
Event: 20.909 Thread 0x000001e10692a520 DEOPT UNPACKING pc=0x000001e1734946a2 sp=0x00000084cd7f89e0 mode 2
Event: 20.909 Thread 0x000001e10692a520 Uncommon trap: trap_request=0xffffff45 fr.pc=0x000001e173a0cd2c relative=0x000000000000010c
Event: 20.909 Thread 0x000001e10692a520 Uncommon trap: reason=unstable_if action=reinterpret pc=0x000001e173a0cd2c method=org.objectweb.asm.ByteVector.putShort(I)Lorg/objectweb/asm/ByteVector; @ 13 c2
Event: 20.909 Thread 0x000001e10692a520 DEOPT PACKING pc=0x000001e173a0cd2c sp=0x00000084cd7f8aa0
Event: 20.909 Thread 0x000001e10692a520 DEOPT UNPACKING pc=0x000001e1734946a2 sp=0x00000084cd7f8a38 mode 2
Event: 20.909 Thread 0x000001e10692a520 Uncommon trap: trap_request=0xffffff45 fr.pc=0x000001e173d02624 relative=0x0000000000000424
Event: 20.909 Thread 0x000001e10692a520 Uncommon trap: reason=unstable_if action=reinterpret pc=0x000001e173d02624 method=org.objectweb.asm.MethodWriter.visitVarInsn(II)V @ 108 c2
Event: 20.909 Thread 0x000001e10692a520 DEOPT PACKING pc=0x000001e173d02624 sp=0x00000084cd7f88d0
Event: 20.909 Thread 0x000001e10692a520 DEOPT UNPACKING pc=0x000001e1734946a2 sp=0x00000084cd7f8888 mode 2
Event: 20.928 Thread 0x000001e10692a520 DEOPT PACKING pc=0x000001e16bfe378b sp=0x00000084cd7f89a0
Event: 20.928 Thread 0x000001e10692a520 DEOPT UNPACKING pc=0x000001e173494e42 sp=0x00000084cd7f7ed8 mode 0
Event: 21.014 Thread 0x000001e10692a520 Uncommon trap: trap_request=0xffffff45 fr.pc=0x000001e173cb202c relative=0x00000000000016ec
Event: 21.014 Thread 0x000001e10692a520 Uncommon trap: reason=unstable_if action=reinterpret pc=0x000001e173cb202c method=java.util.concurrent.ConcurrentHashMap.computeIfAbsent(Ljava/lang/Object;Ljava/util/function/Function;)Ljava/lang/Object; @ 123 c2
Event: 21.014 Thread 0x000001e10692a520 DEOPT PACKING pc=0x000001e173cb202c sp=0x00000084cd7f9ba0
Event: 21.014 Thread 0x000001e10692a520 DEOPT UNPACKING pc=0x000001e1734946a2 sp=0x00000084cd7f9b30 mode 2
Event: 21.068 Thread 0x000001e10692a520 DEOPT PACKING pc=0x000001e16c36ca21 sp=0x00000084cd7f5110
Event: 21.068 Thread 0x000001e10692a520 DEOPT UNPACKING pc=0x000001e173494e42 sp=0x00000084cd7f4610 mode 0

Classes loaded (20 events):
Event: 20.237 Loading class java/io/ObjectStreamClass$1
Event: 20.237 Loading class java/io/ObjectStreamClass$1 done
Event: 20.237 Loading class java/io/ObjectStreamClass$MemberSignature
Event: 20.237 Loading class java/io/ObjectStreamClass$MemberSignature done
Event: 20.237 Loading class java/io/ObjectStreamClass$3
Event: 20.237 Loading class java/io/ObjectStreamClass$3 done
Event: 20.245 Loading class java/io/ObjectStreamClass$4
Event: 20.245 Loading class java/io/ObjectStreamClass$4 done
Event: 20.246 Loading class java/io/ObjectStreamClass$5
Event: 20.246 Loading class java/io/ObjectStreamClass$5 done
Event: 20.246 Loading class java/io/ObjectStreamClass$ClassDataSlot
Event: 20.247 Loading class java/io/ObjectStreamClass$ClassDataSlot done
Event: 20.255 Loading class java/io/SerialCallbackContext
Event: 20.255 Loading class java/io/SerialCallbackContext done
Event: 20.398 Loading class java/lang/invoke/SerializedLambda$1
Event: 20.398 Loading class java/lang/invoke/SerializedLambda$1 done
Event: 20.644 Loading class java/util/DualPivotQuicksort
Event: 20.653 Loading class java/util/DualPivotQuicksort done
Event: 20.786 Loading class java/util/function/LongUnaryOperator
Event: 20.786 Loading class java/util/function/LongUnaryOperator done

Classes unloaded (0 events):
No events

Classes redefined (0 events):
No events

Internal exceptions (20 events):
Event: 20.173 Thread 0x000001e10692a520 Exception <a 'java/lang/NoSuchMethodError'{0x000000008e2f8dc0}: 'long java.lang.invoke.Invokers$Holder.invokeExact_MT(java.lang.Object, java.lang.Object, java.lang.Object)'> (0x000000008e2f8dc0) 
thrown [s\src\hotspot\share\interpreter\linkResolver.cpp, line 784]
Event: 20.240 Thread 0x000001e10687c870 Exception <a 'java/lang/NoSuchMethodError'{0x000000008e0acf40}: static Lorg/gradle/internal/build/event/types/DefaultOperationStartedProgressEvent;.<clinit>()V> (0x000000008e0acf40) 
thrown [s\src\hotspot\share\prims\jni.cpp, line 1139]
Event: 20.246 Thread 0x000001e10687c870 Exception <a 'java/lang/NoSuchMethodError'{0x0000000085b00808}: static Lorg/gradle/internal/build/event/types/AbstractProgressEvent;.<clinit>()V> (0x0000000085b00808) 
thrown [s\src\hotspot\share\prims\jni.cpp, line 1139]
Event: 20.249 Thread 0x000001e10687c870 Exception <a 'java/lang/NoSuchMethodError'{0x0000000085b131a0}: static Lorg/gradle/internal/build/event/types/DefaultProjectConfigurationDescriptor;.<clinit>()V> (0x0000000085b131a0) 
thrown [s\src\hotspot\share\prims\jni.cpp, line 1139]
Event: 20.250 Thread 0x000001e10687c870 Exception <a 'java/lang/NoSuchMethodError'{0x0000000085b15be0}: static Lorg/gradle/internal/build/event/types/DefaultOperationDescriptor;.<clinit>()V> (0x0000000085b15be0) 
thrown [s\src\hotspot\share\prims\jni.cpp, line 1139]
Event: 20.250 Thread 0x000001e10687c870 Exception <a 'java/lang/NoSuchMethodError'{0x0000000085b19798}: 'long java.lang.invoke.DirectMethodHandle$Holder.invokeSpecial(java.lang.Object, java.lang.Object)'> (0x0000000085b19798) 
thrown [s\src\hotspot\share\interpreter\linkResolver.cpp, line 784]
Event: 20.250 Thread 0x000001e10687c870 Exception <a 'java/lang/NoSuchMethodError'{0x0000000085b1ce08}: 'long java.lang.invoke.Invokers$Holder.invokeExact_MT(java.lang.Object, java.lang.Object)'> (0x0000000085b1ce08) 
thrown [s\src\hotspot\share\interpreter\linkResolver.cpp, line 784]
Event: 20.253 Thread 0x000001e10687c870 Exception <a 'java/lang/NoSuchMethodError'{0x0000000085bb54f0}: static Lorg/gradle/internal/operations/OperationIdentifier;.<clinit>()V> (0x0000000085bb54f0) 
thrown [s\src\hotspot\share\prims\jni.cpp, line 1139]
Event: 20.343 Thread 0x000001e10692a520 Exception <a 'java/lang/NoSuchMethodError'{0x0000000085a67f48}: 'void java.lang.invoke.Invokers$Holder.invokeExact_MT(java.lang.Object, java.lang.Object, java.lang.Object, java.lang.Object)'> (0x0000000085a67f48) 
thrown [s\src\hotspot\share\interpreter\linkResolver.cpp, line 784]
Event: 20.368 Thread 0x000001e10692a520 Exception <a 'java/lang/ClassNotFoundException'{0x0000000085aa6148}: org/gradle/internal/serialize/codecs/core/ClosureCodec$BrokenScriptBeanInfo> (0x0000000085aa6148) 
thrown [s\src\hotspot\share\classfile\systemDictionary.cpp, line 312]
Event: 20.369 Thread 0x000001e10692a520 Exception <a 'java/lang/ClassNotFoundException'{0x0000000085ab4c70}: org/gradle/internal/serialize/codecs/core/ClosureCodec$BrokenScriptCustomizer> (0x0000000085ab4c70) 
thrown [s\src\hotspot\share\classfile\systemDictionary.cpp, line 312]
Event: 20.373 Thread 0x000001e10692a520 Exception <a 'java/lang/ClassNotFoundException'{0x0000000085acece8}: org/gradle/api/invocation/GradleBeanInfo> (0x0000000085acece8) 
thrown [s\src\hotspot\share\classfile\systemDictionary.cpp, line 312]
Event: 20.376 Thread 0x000001e10692a520 Exception <a 'java/lang/ClassNotFoundException'{0x0000000085adacf8}: org/gradle/api/invocation/GradleCustomizer> (0x0000000085adacf8) 
thrown [s\src\hotspot\share\classfile\systemDictionary.cpp, line 312]
Event: 20.390 Thread 0x000001e10692a520 Exception <a 'java/lang/NoSuchMethodError'{0x0000000085afd588}: 'void java.lang.invoke.Invokers$Holder.invokeExact_MT(java.lang.Object, java.lang.Object, int, java.lang.Object)'> (0x0000000085afd588) 
thrown [s\src\hotspot\share\interpreter\linkResolver.cpp, line 784]
Event: 20.403 Thread 0x000001e10692a520 Exception <a 'java/lang/NoSuchMethodError'{0x000000008592f170}: 'void java.lang.invoke.Invokers$Holder.invokeExact_MT(java.lang.Object, java.lang.Object, long, java.lang.Object)'> (0x000000008592f170) 
thrown [s\src\hotspot\share\interpreter\linkResolver.cpp, line 784]
Event: 20.787 Thread 0x000001e10692a520 Exception <a 'java/lang/NoSuchMethodError'{0x0000000085293628}: 'long java.lang.invoke.DirectMethodHandle$Holder.invokeStatic(java.lang.Object, long)'> (0x0000000085293628) 
thrown [s\src\hotspot\share\interpreter\linkResolver.cpp, line 784]
Event: 20.909 Thread 0x000001e10692a520 Implicit null exception at 0x000001e173d022cc to 0x000001e173d02618
Event: 21.004 Thread 0x000001e10692a520 Exception <a 'java/lang/NoSuchMethodError'{0x0000000084d26580}: 'java.lang.Object java.lang.invoke.DirectMethodHandle$Holder.invokeVirtual(java.lang.Object, java.lang.Object, java.lang.Object, java.lang.Object, java.lang.Object, java.lang.Object, java.lang.Object, java.lang.Object, java.lang.Object, java.lang.Object, java.lang.Object, java.lang.Object, java.lang.Object, java.lang.Object, java.lang.Object, java.lang.Object, java.lang.Object)'> (0x0000000084d26580) 
thrown [s\src\hotspot\share\interpreter\li
Event: 21.004 Thread 0x000001e10692a520 Exception <a 'java/lang/NoSuchMethodError'{0x0000000084d2c450}: 'java.lang.Object java.lang.invoke.DirectMethodHandle$Holder.invokeSpecial(java.lang.Object, java.lang.Object, java.lang.Object, java.lang.Object, java.lang.Object, java.lang.Object, java.lang.Object, java.lang.Object, java.lang.Object, java.lang.Object, java.lang.Object, java.lang.Object, java.lang.Object, java.lang.Object, java.lang.Object, java.lang.Object, java.lang.Object, java.lang.Object)'> (0x0000000084d2c450) 
thrown [s\src\hotspot\sh
Event: 21.005 Thread 0x000001e10692a520 Exception <a 'java/lang/NoSuchMethodError'{0x0000000084d319a8}: 'java.lang.Object java.lang.invoke.DelegatingMethodHandle$Holder.reinvoke_L(java.lang.Object, java.lang.Object, java.lang.Object, java.lang.Object, java.lang.Object, java.lang.Object, java.lang.Object, java.lang.Object, java.lang.Object, java.lang.Object, java.lang.Object, java.lang.Object, java.lang.Object, java.lang.Object, java.lang.Object, java.lang.Object, java.lang.Object)'> (0x0000000084d319a8) 
thrown [s\src\hotspot\share\interpreter\l

ZGC Phase Switch (0 events):
No events

VM Operations (20 events):
Event: 18.251 Executing VM operation: CollectForMetadataAllocation (Metadata GC Threshold)
Event: 18.254 Executing VM operation: CollectForMetadataAllocation (Metadata GC Threshold) done
Event: 18.317 Executing VM operation: G1PauseRemark
Event: 18.323 Executing VM operation: G1PauseRemark done
Event: 18.348 Executing VM operation: G1PauseCleanup
Event: 18.348 Executing VM operation: G1PauseCleanup done
Event: 19.349 Executing VM operation: Cleanup
Event: 19.349 Executing VM operation: Cleanup done
Event: 19.578 Executing VM operation: HandshakeAllThreads (Deoptimize)
Event: 19.578 Executing VM operation: HandshakeAllThreads (Deoptimize) done
Event: 19.702 Executing VM operation: HandshakeAllThreads (Deoptimize)
Event: 19.702 Executing VM operation: HandshakeAllThreads (Deoptimize) done
Event: 19.765 Executing VM operation: ICBufferFull
Event: 19.765 Executing VM operation: ICBufferFull done
Event: 19.868 Executing VM operation: G1CollectForAllocation (G1 Evacuation Pause)
Event: 19.873 Executing VM operation: G1CollectForAllocation (G1 Evacuation Pause) done
Event: 19.956 Executing VM operation: HandshakeAllThreads (Deoptimize)
Event: 19.956 Executing VM operation: HandshakeAllThreads (Deoptimize) done
Event: 20.233 Executing VM operation: HandshakeAllThreads (Deoptimize)
Event: 20.237 Executing VM operation: HandshakeAllThreads (Deoptimize) done

Memory protections (0 events):
No events

Nmethod flushes (20 events):
Event: 18.322 Thread 0x000001e10052e2a0 flushing  nmethod 0x000001e16c0a9d10
Event: 18.322 Thread 0x000001e10052e2a0 flushing  nmethod 0x000001e16c0b2190
Event: 18.322 Thread 0x000001e10052e2a0 flushing  nmethod 0x000001e16c0b3e10
Event: 18.322 Thread 0x000001e10052e2a0 flushing  nmethod 0x000001e16c0b4e90
Event: 18.322 Thread 0x000001e10052e2a0 flushing  nmethod 0x000001e16c0b5d90
Event: 18.322 Thread 0x000001e10052e2a0 flushing  nmethod 0x000001e16c0b6710
Event: 18.322 Thread 0x000001e10052e2a0 flushing  nmethod 0x000001e16c0d6110
Event: 18.322 Thread 0x000001e10052e2a0 flushing  nmethod 0x000001e16c16b410
Event: 18.322 Thread 0x000001e10052e2a0 flushing  nmethod 0x000001e16c16c610
Event: 18.322 Thread 0x000001e10052e2a0 flushing  nmethod 0x000001e16c24fd10
Event: 18.322 Thread 0x000001e10052e2a0 flushing  nmethod 0x000001e16c2cbc90
Event: 18.322 Thread 0x000001e10052e2a0 flushing  nmethod 0x000001e16c2cf010
Event: 18.322 Thread 0x000001e10052e2a0 flushing  nmethod 0x000001e16c36d710
Event: 18.322 Thread 0x000001e10052e2a0 flushing  nmethod 0x000001e16c36da10
Event: 18.322 Thread 0x000001e10052e2a0 flushing  nmethod 0x000001e16c36ed10
Event: 18.322 Thread 0x000001e10052e2a0 flushing  nmethod 0x000001e16c373c10
Event: 18.322 Thread 0x000001e10052e2a0 flushing  nmethod 0x000001e173a79510
Event: 18.322 Thread 0x000001e10052e2a0 flushing  nmethod 0x000001e173b40590
Event: 18.322 Thread 0x000001e10052e2a0 flushing  nmethod 0x000001e173b43110
Event: 18.322 Thread 0x000001e10052e2a0 flushing  nmethod 0x000001e16c542b90

Events (20 events):
Event: 16.756 Thread 0x000001e10692a520 Thread added: 0x000001e108f599f0
Event: 16.757 Thread 0x000001e10692a520 Thread added: 0x000001e108f58cd0
Event: 16.758 Thread 0x000001e10692a520 Thread added: 0x000001e108567010
Event: 16.759 Thread 0x000001e10692a520 Thread added: 0x000001e1085662f0
Event: 16.808 Thread 0x000001e1007222f0 Thread added: 0x000001e10948f4f0
Event: 17.009 Thread 0x000001e10692a520 Thread added: 0x000001e108567d30
Event: 17.083 Thread 0x000001e10692a520 Thread added: 0x000001e1085683c0
Event: 17.138 Thread 0x000001e10692a520 Thread added: 0x000001e108565c60
Event: 17.139 Thread 0x000001e10692a520 Thread added: 0x000001e108566980
Event: 17.140 Thread 0x000001e10692a520 Thread added: 0x000001e1085676a0
Event: 17.140 Thread 0x000001e10692a520 Thread added: 0x000001e108564f40
Event: 17.176 Thread 0x000001e10692a520 Thread added: 0x000001e1085655d0
Event: 17.206 Thread 0x000001e10692a520 Thread added: 0x000001e108c64490
Event: 17.223 Thread 0x000001e10692a520 Thread added: 0x000001e108c65840
Event: 19.047 Thread 0x000001e10948f4f0 Thread exited: 0x000001e10948f4f0
Event: 19.188 Thread 0x000001e10956f5c0 Thread exited: 0x000001e10956f5c0
Event: 19.697 Thread 0x000001e1007420f0 Thread added: 0x000001e10982b140
Event: 19.853 Thread 0x000001e10982b140 Thread exited: 0x000001e10982b140
Event: 20.241 Thread 0x000001e1007222f0 Thread added: 0x000001e1009cccf0
Event: 20.992 Thread 0x000001e1007222f0 Thread added: 0x000001e108a8fc30


Dynamic libraries:
0x00007ff7b2c60000 - 0x00007ff7b2c6a000 	D:\Programas\AndroidStudio\jbr\bin\java.exe
0x00007fff54350000 - 0x00007fff54564000 	C:\Windows\SYSTEM32\ntdll.dll
0x00007fff532e0000 - 0x00007fff533a2000 	C:\Windows\System32\KERNEL32.DLL
0x00007fff51dc0000 - 0x00007fff5215c000 	C:\Windows\System32\KERNELBASE.dll
0x00007fff51a60000 - 0x00007fff51b71000 	C:\Windows\System32\ucrtbase.dll
0x00007fff4cbe0000 - 0x00007fff4cbfb000 	D:\Programas\AndroidStudio\jbr\bin\VCRUNTIME140.dll
0x00007fff35fd0000 - 0x00007fff35fe8000 	D:\Programas\AndroidStudio\jbr\bin\jli.dll
0x00007fff539d0000 - 0x00007fff53b7b000 	C:\Windows\System32\USER32.dll
0x00007fff51c20000 - 0x00007fff51c46000 	C:\Windows\System32\win32u.dll
0x00007fff52960000 - 0x00007fff52989000 	C:\Windows\System32\GDI32.dll
0x00007fff51880000 - 0x00007fff51992000 	C:\Windows\System32\gdi32full.dll
0x00007fff51b80000 - 0x00007fff51c1a000 	C:\Windows\System32\msvcp_win.dll
0x00007fff37cc0000 - 0x00007fff37f4e000 	C:\Windows\WinSxS\amd64_microsoft.windows.common-controls_6595b64144ccf1df_6.0.22621.317_none_a9434687c10c9fa2\COMCTL32.dll
0x00007fff533c0000 - 0x00007fff53467000 	C:\Windows\System32\msvcrt.dll
0x00007fff53da0000 - 0x00007fff53dd1000 	C:\Windows\System32\IMM32.DLL
0x00007fff4cbd0000 - 0x00007fff4cbdc000 	D:\Programas\AndroidStudio\jbr\bin\vcruntime140_1.dll
0x00007fff13700000 - 0x00007fff1378d000 	D:\Programas\AndroidStudio\jbr\bin\msvcp140.dll
0x00007fff14f70000 - 0x00007fff15bfb000 	D:\Programas\AndroidStudio\jbr\bin\server\jvm.dll
0x00007fff541e0000 - 0x00007fff5428e000 	C:\Windows\System32\ADVAPI32.dll
0x00007fff52990000 - 0x00007fff52a34000 	C:\Windows\System32\sechost.dll
0x00007fff52d10000 - 0x00007fff52e25000 	C:\Windows\System32\RPCRT4.dll
0x00007fff54290000 - 0x00007fff54301000 	C:\Windows\System32\WS2_32.dll
0x00007fff50690000 - 0x00007fff506dd000 	C:\Windows\SYSTEM32\POWRPROF.dll
0x00007fff45b80000 - 0x00007fff45b8a000 	C:\Windows\SYSTEM32\VERSION.dll
0x00007fff47b10000 - 0x00007fff47b44000 	C:\Windows\SYSTEM32\WINMM.dll
0x00007fff50670000 - 0x00007fff50683000 	C:\Windows\SYSTEM32\UMPDC.dll
0x00007fff508c0000 - 0x00007fff508d8000 	C:\Windows\SYSTEM32\kernel.appcore.dll
0x00007fff4cbc0000 - 0x00007fff4cbca000 	D:\Programas\AndroidStudio\jbr\bin\jimage.dll
0x00007fff4f170000 - 0x00007fff4f39e000 	C:\Windows\SYSTEM32\DBGHELP.DLL
0x00007fff53e40000 - 0x00007fff541c9000 	C:\Windows\System32\combase.dll
0x00007fff53470000 - 0x00007fff53547000 	C:\Windows\System32\OLEAUT32.dll
0x00007fff36180000 - 0x00007fff361b2000 	C:\Windows\SYSTEM32\dbgcore.DLL
0x00007fff51790000 - 0x00007fff5180b000 	C:\Windows\System32\bcryptPrimitives.dll
0x00007fff38670000 - 0x00007fff3867e000 	D:\Programas\AndroidStudio\jbr\bin\instrument.dll
0x00007fff4c210000 - 0x00007fff4c230000 	D:\Programas\AndroidStudio\jbr\bin\java.dll
0x00007fff451b0000 - 0x00007fff451c8000 	D:\Programas\AndroidStudio\jbr\bin\zip.dll
0x00007fff52160000 - 0x00007fff5293b000 	C:\Windows\System32\SHELL32.dll
0x00007fff4f7b0000 - 0x00007fff50065000 	C:\Windows\SYSTEM32\windows.storage.dll
0x00007fff4f670000 - 0x00007fff4f7ad000 	C:\Windows\SYSTEM32\wintypes.dll
0x00007fff52f20000 - 0x00007fff53011000 	C:\Windows\System32\SHCORE.dll
0x00007fff52c90000 - 0x00007fff52cee000 	C:\Windows\System32\shlwapi.dll
0x00007fff516c0000 - 0x00007fff516e1000 	C:\Windows\SYSTEM32\profapi.dll
0x00007fff4cb60000 - 0x00007fff4cb70000 	D:\Programas\AndroidStudio\jbr\bin\net.dll
0x00007fff466b0000 - 0x00007fff467df000 	C:\Windows\SYSTEM32\WINHTTP.dll
0x00007fff50d10000 - 0x00007fff50d79000 	C:\Windows\system32\mswsock.dll
0x00007fff45190000 - 0x00007fff451a6000 	D:\Programas\AndroidStudio\jbr\bin\nio.dll
0x00007fff45150000 - 0x00007fff45160000 	D:\Programas\AndroidStudio\jbr\bin\verify.dll
0x00007fff35130000 - 0x00007fff35157000 	C:\Users\usuario\.gradle\native\1def1411415f61bf3af743bc5b6707747c0891f09f0c88961ee8f79bc544acac\windows-amd64\native-platform.dll
0x00007fff12ad0000 - 0x00007fff12b48000 	C:\Users\usuario\.gradle\native\0.2.7\x86_64-windows-gnu\gradle-fileevents.dll
0x00007fff45180000 - 0x00007fff45189000 	D:\Programas\AndroidStudio\jbr\bin\management.dll
0x00007fff45170000 - 0x00007fff4517b000 	D:\Programas\AndroidStudio\jbr\bin\management_ext.dll
0x00007fff52c80000 - 0x00007fff52c88000 	C:\Windows\System32\PSAPI.DLL
0x00007fff50370000 - 0x00007fff5039d000 	C:\Windows\SYSTEM32\IPHLPAPI.DLL
0x00007fff541d0000 - 0x00007fff541d9000 	C:\Windows\System32\NSI.dll
0x00007fff4c020000 - 0x00007fff4c029000 	D:\Programas\AndroidStudio\jbr\bin\extnet.dll
0x00007fff51020000 - 0x00007fff5103b000 	C:\Windows\SYSTEM32\CRYPTSP.dll
0x00007fff50830000 - 0x00007fff50865000 	C:\Windows\system32\rsaenh.dll
0x00007fff50db0000 - 0x00007fff50dd8000 	C:\Windows\SYSTEM32\USERENV.dll
0x00007fff51160000 - 0x00007fff51188000 	C:\Windows\SYSTEM32\bcrypt.dll
0x00007fff51000000 - 0x00007fff5100c000 	C:\Windows\SYSTEM32\CRYPTBASE.dll
0x00007fff4c200000 - 0x00007fff4c208000 	C:\Windows\system32\wshunix.dll

dbghelp: loaded successfully - version: 4.0.5 - missing functions: none
symbol engine: initialized successfully - sym options: 0x614 - pdb path: .;D:\Programas\AndroidStudio\jbr\bin;C:\Windows\SYSTEM32;C:\Windows\WinSxS\amd64_microsoft.windows.common-controls_6595b64144ccf1df_6.0.22621.317_none_a9434687c10c9fa2;D:\Programas\AndroidStudio\jbr\bin\server;C:\Users\usuario\.gradle\native\1def1411415f61bf3af743bc5b6707747c0891f09f0c88961ee8f79bc544acac\windows-amd64;C:\Users\usuario\.gradle\native\0.2.7\x86_64-windows-gnu

VM Arguments:
jvm_args: --add-opens=java.base/java.lang=ALL-UNNAMED --add-opens=java.base/java.lang.invoke=ALL-UNNAMED --add-opens=java.base/java.util=ALL-UNNAMED --add-opens=java.prefs/java.util.prefs=ALL-UNNAMED --add-exports=jdk.compiler/com.sun.tools.javac.api=ALL-UNNAMED --add-exports=jdk.compiler/com.sun.tools.javac.util=ALL-UNNAMED --add-opens=java.base/java.util=ALL-UNNAMED --add-opens=java.prefs/java.util.prefs=ALL-UNNAMED --add-opens=java.base/java.nio.charset=ALL-UNNAMED --add-opens=java.base/java.net=ALL-UNNAMED --add-opens=java.base/java.util.concurrent.atomic=ALL-UNNAMED --add-opens=java.xml/javax.xml.namespace=ALL-UNNAMED -Xmx2048m -Dfile.encoding=UTF-8 -Duser.country=BO -Duser.language=es -Duser.variant -javaagent:C:\Users\usuario\.gradle\wrapper\dists\gradle-8.13-bin\5xuhj0ry160q40clulazy9h7d\gradle-8.13\lib\agents\gradle-instrumentation-agent-8.13.jar 
java_command: org.gradle.launcher.daemon.bootstrap.GradleDaemon 8.13
java_class_path (initial): C:\Users\usuario\.gradle\wrapper\dists\gradle-8.13-bin\5xuhj0ry160q40clulazy9h7d\gradle-8.13\lib\gradle-daemon-main-8.13.jar
Launcher Type: SUN_STANDARD

[Global flags]
     intx CICompilerCount                          = 4                                         {product} {ergonomic}
     uint ConcGCThreads                            = 2                                         {product} {ergonomic}
     uint G1ConcRefinementThreads                  = 8                                         {product} {ergonomic}
   size_t G1HeapRegionSize                         = 1048576                                   {product} {ergonomic}
    uintx GCDrainStackTargetSize                   = 64                                        {product} {ergonomic}
   size_t InitialHeapSize                          = 268435456                                 {product} {ergonomic}
   size_t MarkStackSize                            = 4194304                                   {product} {ergonomic}
   size_t MaxHeapSize                              = 2147483648                                {product} {command line}
   size_t MaxNewSize                               = 1287651328                                {product} {ergonomic}
   size_t MinHeapDeltaBytes                        = 1048576                                   {product} {ergonomic}
   size_t MinHeapSize                              = 8388608                                   {product} {ergonomic}
    uintx NonNMethodCodeHeapSize                   = 5839372                                {pd product} {ergonomic}
    uintx NonProfiledCodeHeapSize                  = 122909434                              {pd product} {ergonomic}
    uintx ProfiledCodeHeapSize                     = 122909434                              {pd product} {ergonomic}
    uintx ReservedCodeCacheSize                    = 251658240                              {pd product} {ergonomic}
     bool SegmentedCodeCache                       = true                                      {product} {ergonomic}
   size_t SoftMaxHeapSize                          = 2147483648                             {manageable} {ergonomic}
     bool UseCompressedOops                        = true                           {product lp64_product} {ergonomic}
     bool UseG1GC                                  = true                                      {product} {ergonomic}
     bool UseLargePagesIndividualAllocation        = false                                  {pd product} {ergonomic}

Logging:
Log output configuration:
 #0: stdout all=warning uptime,level,tags foldmultilines=false
 #1: stderr all=off uptime,level,tags foldmultilines=false

Environment Variables:
CLASSPATH=D:\Programas\Lingo\Lingo21.jar
PATH=C:\Windows\system32;C:\Windows;C:\Windows\System32\Wbem;C:\Windows\System32\WindowsPowerShell\v1.0\;C:\Windows\System32\OpenSSH\;C:\Program Files\Git\cmd;D:\Programas\Lingo\;C:\Users\usuario\AppData\Local\Microsoft\WindowsApps;
USERNAME=usuario
OS=Windows_NT
PROCESSOR_IDENTIFIER=Intel64 Family 6 Model 142 Stepping 10, GenuineIntel
TMP=C:\Users\usuario\AppData\Local\Temp
TEMP=C:\Users\usuario\AppData\Local\Temp




Periodic native trim disabled

JNI global refs:
JNI global refs: 29, weak refs: 0

JNI global refs memory usage: 835, weak refs: 833

Process memory usage:
Resident Set Size: 330228K (1% of 16669912K total physical memory with 5427008K free physical memory)

OOME stack traces (most recent first):
Classloader memory used:
Loader org.gradle.internal.classloader.VisitableURLClassLoader                         : 36225K
Loader bootstrap                                                                       : 23115K
Loader org.gradle.initialization.MixInLegacyTypesClassLoader                           : 9431K
Loader jdk.internal.loader.ClassLoaders$PlatformClassLoader                            : 546K
Loader jdk.internal.loader.ClassLoaders$AppClassLoader                                 : 235K
Loader org.gradle.internal.classloader.VisitableURLClassLoader                         : 145K
Loader jdk.internal.reflect.DelegatingClassLoader                                      : 113K
Loader org.gradle.groovy.scripts.internal.DefaultScriptCompilationHandler$ScriptClassLoader: 98624B
Loader org.gradle.internal.classloader.VisitableURLClassLoader$InstrumentingVisitableURLClassLoader: 18656B
Loader org.codehaus.groovy.runtime.callsite.CallSiteClassLoader                        : 10080B

Classes loaded by more than one classloader:
Class Program                                                                         : loaded 3 times (x 68B)
Class org.gradle.internal.classloader.ClassLoaderHierarchy                            : loaded 2 times (x 66B)
Class org.gradle.api.internal.classpath.ManifestUtil                                  : loaded 2 times (x 67B)
Class org.gradle.internal.classloader.DefaultClassLoaderFactory                       : loaded 2 times (x 78B)
Class org.gradle.internal.classloader.ClassLoaderVisitor                              : loaded 2 times (x 72B)
Class org.gradle.api.internal.classpath.EffectiveClassPath                            : loaded 2 times (x 86B)
Class org.gradle.api.internal.DefaultClassPathProvider                                : loaded 2 times (x 72B)
Class [Lorg.gradle.api.internal.ClassPathProvider;                                    : loaded 2 times (x 65B)
Class org.gradle.api.internal.ClassPathProvider                                       : loaded 2 times (x 66B)
Class org.gradle.internal.service.UnknownServiceException                             : loaded 2 times (x 79B)
Class ijJvmDebugger1_bbjckom24anm31szn73xbjih8                                        : loaded 2 times (x 175B)
Class org.gradle.internal.classpath.TransformedClassPath                              : loaded 2 times (x 92B)
Class org.gradle.internal.classloader.InstrumentingClassLoader                        : loaded 2 times (x 66B)
Class org.gradle.internal.service.ServiceLocator                                      : loaded 2 times (x 66B)
Class org.gradle.internal.InternalTransformer                                         : loaded 2 times (x 66B)
Class org.gradle.internal.classloader.ClasspathUtil$1                                 : loaded 2 times (x 72B)
Class org.gradle.api.internal.classpath.DefaultModuleRegistry$DefaultModule           : loaded 2 times (x 82B)
Class org.gradle.api.internal.classpath.Module                                        : loaded 2 times (x 66B)
Class org.gradle.api.internal.classpath.UnknownModuleException                        : loaded 2 times (x 78B)
Class org.gradle.api.internal.DefaultClassPathRegistry                                : loaded 2 times (x 72B)
Class ijKotlinCoroutineJvmDebugInit1_188di0f0uyqpuz2drbjf8tmpy                        : loaded 2 times (x 175B)
Class org.gradle.api.internal.ClassPathRegistry                                       : loaded 2 times (x 66B)
Class org.gradle.internal.classpath.DefaultClassPath$ImmutableUniqueList              : loaded 2 times (x 195B)
Class org.gradle.internal.classloader.FilteringClassLoader                            : loaded 2 times (x 101B)
Class Settings_gradle$1                                                               : loaded 2 times (x 70B)
Class org.gradle.internal.classpath.ClassPath                                         : loaded 2 times (x 66B)
Class org.gradle.api.UncheckedIOException                                             : loaded 2 times (x 78B)
Class org.gradle.internal.installation.GradleInstallation$1                           : loaded 2 times (x 71B)
Class org.gradle.api.internal.classpath.ModuleRegistry                                : loaded 2 times (x 66B)
Class ijKotlinCoroutineJvmDebugInit1_188di0f0uyqpuz2drbjf8tmpy$_run_closure1          : loaded 2 times (x 135B)
Class org.gradle.api.internal.classpath.DefaultModuleRegistry                         : loaded 2 times (x 82B)
Class org.gradle.internal.service.ServiceLookupException                              : loaded 2 times (x 78B)
Class org.gradle.internal.classloader.ClassLoaderFactory                              : loaded 2 times (x 66B)
Class org.gradle.internal.service.CachingServiceLocator                               : loaded 2 times (x 78B)
Class org.gradle.internal.classloader.ClasspathUtil                                   : loaded 2 times (x 67B)
Class org.gradle.api.specs.Spec                                                       : loaded 2 times (x 66B)
Class org.gradle.internal.classloader.VisitableURLClassLoader$InstrumentingVisitableURLClassLoader: loaded 2 times (x 119B)
Class org.gradle.internal.classloader.VisitableURLClassLoader$Spec                    : loaded 2 times (x 70B)
Class org.gradle.internal.classpath.DefaultClassPath                                  : loaded 2 times (x 86B)
Class org.gradle.internal.classloader.ClassLoaderSpec                                 : loaded 2 times (x 67B)
Class Settings_gradle$1$1                                                             : loaded 2 times (x 70B)
Class org.gradle.internal.classloader.VisitableURLClassLoader                         : loaded 2 times (x 113B)
Class Settings_gradle                                                                 : loaded 2 times (x 124B)
Class org.gradle.internal.Cast                                                        : loaded 2 times (x 67B)
Class org.gradle.api.Action                                                           : loaded 2 times (x 66B)
Class org.gradle.internal.classpath.DefaultClassPath$ImmutableUniqueList$Builder      : loaded 2 times (x 71B)
Class org.gradle.api.GradleException                                                  : loaded 2 times (x 78B)
Class org.gradle.internal.IoActions                                                   : loaded 2 times (x 67B)
Class org.gradle.internal.classloader.SystemClassLoaderSpec                           : loaded 2 times (x 67B)
Class org.gradle.api.internal.classpath.GlobalCacheRootsProvider                      : loaded 2 times (x 66B)
Class org.gradle.internal.installation.CurrentGradleInstallationLocator               : loaded 2 times (x 67B)
Class org.gradle.internal.service.DefaultServiceLocator                               : loaded 2 times (x 79B)
Class ijJvmDebugger1_bbjckom24anm31szn73xbjih8$_run_closure1                          : loaded 2 times (x 135B)
Class org.gradle.internal.installation.CurrentGradleInstallation                      : loaded 2 times (x 69B)
Class org.gradle.util.internal.GUtil                                                  : loaded 2 times (x 67B)
Class org.gradle.internal.installation.GradleInstallation                             : loaded 2 times (x 71B)

---------------  S Y S T E M  ---------------

OS:
 Windows 11 , 64 bit Build 22621 (10.0.22621.457)
OS uptime: 0 days 1:44 hours
Hyper-V role detected

CPU: total 8 (initial active 8) (4 cores per cpu, 2 threads per core) family 6 model 142 stepping 10 microcode 0xe0, cx8, cmov, fxsr, ht, mmx, 3dnowpref, sse, sse2, sse3, ssse3, sse4.1, sse4.2, popcnt, lzcnt, tsc, tscinvbit, avx, avx2, aes, erms, clmul, bmi1, bmi2, adx, fma, vzeroupper, clflush, clflushopt, hv, rdtscp, f16c
Processor Information for the first 8 processors :
  Max Mhz: 1800, Current Mhz: 1600, Mhz Limit: 1584

Memory: 4k page, system-wide physical 16279M (5299M free)
TotalPageFile size 18711M (AvailPageFile size 9118M)
current process WorkingSet (physical memory assigned to process): 322M, peak: 323M
current process commit charge ("private bytes"): 359M, peak: 383M

vm_info: OpenJDK 64-Bit Server VM (21.0.6+-13391695-b895.109) for windows-amd64 JRE (21.0.6+-13391695-b895.109), built on 2025-04-22T21:19:17Z by "builder" with MS VC++ 16.10 / 16.11 (VS2019)

END.
